C:\Users\mbahoshy\coding\pv4\copyback.bat
C:\Users\mbahoshy\coding\pv4\copyback.log
C:\Users\mbahoshy\coding\pv4\index.html
C:\Users\mbahoshy\coding\pv4\css\index.css
C:\Users\mbahoshy\coding\pv4\css\main.css
C:\Users\mbahoshy\coding\pv4\css\width_540.css
C:\Users\mbahoshy\coding\pv4\css\width_700.css
C:\Users\mbahoshy\coding\pv4\css\width_860.css
C:\Users\mbahoshy\coding\pv4\css\width_960.css
C:\Users\mbahoshy\coding\pv4\js\main.js
C:\Users\mbahoshy\coding\pv4\js\routes-ng.js
C:\Users\mbahoshy\coding\pv4\js\controllers\controller.js
C:\Users\mbahoshy\coding\pv4\js\directives\header-directive.js
C:\Users\mbahoshy\coding\pv4\js\lib\angular-route.js
C:\Users\mbahoshy\coding\pv4\views\footer.html
C:\Users\mbahoshy\coding\pv4\views\header.html
C:\Users\mbahoshy\coding\pv4\views\home-view.html
C:\Users\mbahoshy\coding\pv4\views\map-view.html
C:\Users\mbahoshy\coding\pv4\views\property-owner-page-view.html
C:\Users\mbahoshy\coding\pv4\views\residential-view.html
20 File(s) copied
C:\Users\mbahoshy\coding\pv4\copyback.bat
C:\Users\mbahoshy\coding\pv4\copyback.log
C:\Users\mbahoshy\coding\pv4\index.html
C:\Users\mbahoshy\coding\pv4\css\index.css
C:\Users\mbahoshy\coding\pv4\css\main.css
C:\Users\mbahoshy\coding\pv4\css\width_540.css
C:\Users\mbahoshy\coding\pv4\css\width_700.css
C:\Users\mbahoshy\coding\pv4\css\width_860.css
C:\Users\mbahoshy\coding\pv4\css\width_960.css
C:\Users\mbahoshy\coding\pv4\js\main.js
C:\Users\mbahoshy\coding\pv4\js\routes-ng.js
C:\Users\mbahoshy\coding\pv4\js\controllers\controller.js
C:\Users\mbahoshy\coding\pv4\js\directives\header-directive.js
C:\Users\mbahoshy\coding\pv4\js\lib\angular-route.js
C:\Users\mbahoshy\coding\pv4\views\home-view.html
15 File(s) copied
C:\Users\mbahoshy\coding\pv4\copyback.bat
C:\Users\mbahoshy\coding\pv4\copyback.log
C:\Users\mbahoshy\coding\pv4\index.html
C:\Users\mbahoshy\coding\pv4\css\index.css
C:\Users\mbahoshy\coding\pv4\css\main.css
C:\Users\mbahoshy\coding\pv4\css\width_540.css
C:\Users\mbahoshy\coding\pv4\css\width_700.css
C:\Users\mbahoshy\coding\pv4\css\width_860.css
C:\Users\mbahoshy\coding\pv4\css\width_960.css
C:\Users\mbahoshy\coding\pv4\js\main.js
C:\Users\mbahoshy\coding\pv4\js\routes-ng.js
C:\Users\mbahoshy\coding\pv4\js\controllers\controller.js
C:\Users\mbahoshy\coding\pv4\js\directives\header-directive.js
C:\Users\mbahoshy\coding\pv4\js\lib\angular-route.js
C:\Users\mbahoshy\coding\pv4\views\home-view.html
15 File(s) copied
C:\Users\mbahoshy\coding\pv4\copyback.bat
C:\Users\mbahoshy\coding\pv4\copyback.log
C:\Users\mbahoshy\coding\pv4\index.html
C:\Users\mbahoshy\coding\pv4\css\index.css
C:\Users\mbahoshy\coding\pv4\css\main.css
C:\Users\mbahoshy\coding\pv4\css\width_540.css
C:\Users\mbahoshy\coding\pv4\css\width_700.css
C:\Users\mbahoshy\coding\pv4\css\width_860.css
C:\Users\mbahoshy\coding\pv4\css\width_960.css
C:\Users\mbahoshy\coding\pv4\js\main.js
C:\Users\mbahoshy\coding\pv4\js\routes-ng.js
C:\Users\mbahoshy\coding\pv4\js\controllers\controller.js
C:\Users\mbahoshy\coding\pv4\js\directives\header-directive.js
C:\Users\mbahoshy\coding\pv4\js\lib\angular-route.js
C:\Users\mbahoshy\coding\pv4\views\home-view.html
15 File(s) copied
C:\Users\mbahoshy\coding\pv4\copyback.bat
C:\Users\mbahoshy\coding\pv4\copyback.log
C:\Users\mbahoshy\coding\pv4\index.html
C:\Users\mbahoshy\coding\pv4\css\index.css
C:\Users\mbahoshy\coding\pv4\css\main.css
C:\Users\mbahoshy\coding\pv4\css\width_540.css
C:\Users\mbahoshy\coding\pv4\css\width_700.css
C:\Users\mbahoshy\coding\pv4\css\width_860.css
C:\Users\mbahoshy\coding\pv4\css\width_960.css
C:\Users\mbahoshy\coding\pv4\js\main.js
C:\Users\mbahoshy\coding\pv4\js\routes-ng.js
C:\Users\mbahoshy\coding\pv4\js\controllers\controller.js
C:\Users\mbahoshy\coding\pv4\js\directives\header-directive.js
C:\Users\mbahoshy\coding\pv4\js\lib\angular-route.js
C:\Users\mbahoshy\coding\pv4\views\home-view.html
15 File(s) copied
C:\Users\mbahoshy\coding\pv4\copyback.bat
C:\Users\mbahoshy\coding\pv4\copyback.log
C:\Users\mbahoshy\coding\pv4\index.html
C:\Users\mbahoshy\coding\pv4\css\index.css
C:\Users\mbahoshy\coding\pv4\css\main.css
C:\Users\mbahoshy\coding\pv4\css\width_540.css
C:\Users\mbahoshy\coding\pv4\css\width_700.css
C:\Users\mbahoshy\coding\pv4\css\width_860.css
C:\Users\mbahoshy\coding\pv4\css\width_960.css
C:\Users\mbahoshy\coding\pv4\js\main.js
C:\Users\mbahoshy\coding\pv4\js\routes-ng.js
C:\Users\mbahoshy\coding\pv4\js\controllers\controller.js
C:\Users\mbahoshy\coding\pv4\js\directives\header-directive.js
C:\Users\mbahoshy\coding\pv4\js\lib\angular-route.js
C:\Users\mbahoshy\coding\pv4\views\home-view.html
15 File(s) copied
C:\Users\mbahoshy\coding\pv4\copyback.bat
C:\Users\mbahoshy\coding\pv4\copyback.log
C:\Users\mbahoshy\coding\pv4\index.html
C:\Users\mbahoshy\coding\pv4\css\index.css
C:\Users\mbahoshy\coding\pv4\css\main.css
C:\Users\mbahoshy\coding\pv4\css\width_540.css
C:\Users\mbahoshy\coding\pv4\css\width_700.css
C:\Users\mbahoshy\coding\pv4\css\width_860.css
C:\Users\mbahoshy\coding\pv4\css\width_960.css
C:\Users\mbahoshy\coding\pv4\imgs\about_me_img.jpg
C:\Users\mbahoshy\coding\pv4\imgs\about_me_img_hover.jpg
C:\Users\mbahoshy\coding\pv4\js\main.js
C:\Users\mbahoshy\coding\pv4\js\routes-ng.js
C:\Users\mbahoshy\coding\pv4\js\controllers\controller.js
C:\Users\mbahoshy\coding\pv4\js\directives\header-directive.js
C:\Users\mbahoshy\coding\pv4\js\lib\angular-route.js
C:\Users\mbahoshy\coding\pv4\views\home-view.html
17 File(s) copied
C:\Users\mbahoshy\coding\pv4\copyback.bat
C:\Users\mbahoshy\coding\pv4\copyback.log
C:\Users\mbahoshy\coding\pv4\index.html
C:\Users\mbahoshy\coding\pv4\css\index.css
C:\Users\mbahoshy\coding\pv4\css\main.css
C:\Users\mbahoshy\coding\pv4\css\width_540.css
C:\Users\mbahoshy\coding\pv4\css\width_700.css
C:\Users\mbahoshy\coding\pv4\css\width_860.css
C:\Users\mbahoshy\coding\pv4\css\width_960.css
C:\Users\mbahoshy\coding\pv4\imgs\about_me_img.jpg
C:\Users\mbahoshy\coding\pv4\imgs\about_me_img_hover.jpg
C:\Users\mbahoshy\coding\pv4\js\main.js
C:\Users\mbahoshy\coding\pv4\js\routes-ng.js
C:\Users\mbahoshy\coding\pv4\js\controllers\controller.js
C:\Users\mbahoshy\coding\pv4\js\directives\header-directive.js
C:\Users\mbahoshy\coding\pv4\js\lib\angular-route.js
C:\Users\mbahoshy\coding\pv4\views\home-view.html
17 File(s) copied
C:\Users\mbahoshy\coding\pv4\copyback.bat
C:\Users\mbahoshy\coding\pv4\copyback.log
C:\Users\mbahoshy\coding\pv4\index.html
C:\Users\mbahoshy\coding\pv4\css\index.css
C:\Users\mbahoshy\coding\pv4\css\main.css
C:\Users\mbahoshy\coding\pv4\css\width_540.css
C:\Users\mbahoshy\coding\pv4\css\width_700.css
C:\Users\mbahoshy\coding\pv4\css\width_860.css
C:\Users\mbahoshy\coding\pv4\css\width_960.css
C:\Users\mbahoshy\coding\pv4\imgs\about_me_img.jpg
C:\Users\mbahoshy\coding\pv4\imgs\about_me_img_hover.jpg
C:\Users\mbahoshy\coding\pv4\js\main.js
C:\Users\mbahoshy\coding\pv4\js\routes-ng.js
C:\Users\mbahoshy\coding\pv4\js\controllers\controller.js
C:\Users\mbahoshy\coding\pv4\js\directives\header-directive.js
C:\Users\mbahoshy\coding\pv4\js\lib\angular-route.js
C:\Users\mbahoshy\coding\pv4\views\home-view.html
17 File(s) copied
C:\Users\mbahoshy\coding\pv4\copyback.bat
C:\Users\mbahoshy\coding\pv4\copyback.log
C:\Users\mbahoshy\coding\pv4\index.html
C:\Users\mbahoshy\coding\pv4\css\index.css
C:\Users\mbahoshy\coding\pv4\css\main.css
C:\Users\mbahoshy\coding\pv4\css\width_540.css
C:\Users\mbahoshy\coding\pv4\css\width_700.css
C:\Users\mbahoshy\coding\pv4\css\width_860.css
C:\Users\mbahoshy\coding\pv4\css\width_960.css
C:\Users\mbahoshy\coding\pv4\imgs\about_me_img.jpg
C:\Users\mbahoshy\coding\pv4\imgs\about_me_img_hover.jpg
C:\Users\mbahoshy\coding\pv4\imgs\portfolio_img.jpg
C:\Users\mbahoshy\coding\pv4\imgs\portfolio_img_hover.jpg
C:\Users\mbahoshy\coding\pv4\js\main.js
C:\Users\mbahoshy\coding\pv4\js\routes-ng.js
C:\Users\mbahoshy\coding\pv4\js\controllers\controller.js
C:\Users\mbahoshy\coding\pv4\js\directives\header-directive.js
C:\Users\mbahoshy\coding\pv4\js\lib\angular-route.js
C:\Users\mbahoshy\coding\pv4\views\home-view.html
19 File(s) copied
C:\Users\mbahoshy\coding\pv4\copyback.bat
C:\Users\mbahoshy\coding\pv4\copyback.log
C:\Users\mbahoshy\coding\pv4\index.html
C:\Users\mbahoshy\coding\pv4\css\index.css
C:\Users\mbahoshy\coding\pv4\css\main.css
C:\Users\mbahoshy\coding\pv4\css\width_540.css
C:\Users\mbahoshy\coding\pv4\css\width_700.css
C:\Users\mbahoshy\coding\pv4\css\width_860.css
C:\Users\mbahoshy\coding\pv4\css\width_960.css
C:\Users\mbahoshy\coding\pv4\imgs\about_me_img.jpg
C:\Users\mbahoshy\coding\pv4\imgs\about_me_img_hover.jpg
C:\Users\mbahoshy\coding\pv4\imgs\portfolio_img.jpg
C:\Users\mbahoshy\coding\pv4\imgs\portfolio_img_hover.jpg
C:\Users\mbahoshy\coding\pv4\js\main.js
C:\Users\mbahoshy\coding\pv4\js\routes-ng.js
C:\Users\mbahoshy\coding\pv4\js\controllers\controller.js
C:\Users\mbahoshy\coding\pv4\js\directives\header-directive.js
C:\Users\mbahoshy\coding\pv4\js\lib\angular-route.js
C:\Users\mbahoshy\coding\pv4\views\home-view.html
19 File(s) copied
C:\Users\mbahoshy\coding\pv4\copyback.bat
C:\Users\mbahoshy\coding\pv4\copyback.log
C:\Users\mbahoshy\coding\pv4\index.html
C:\Users\mbahoshy\coding\pv4\css\index.css
C:\Users\mbahoshy\coding\pv4\css\main.css
C:\Users\mbahoshy\coding\pv4\css\width_540.css
C:\Users\mbahoshy\coding\pv4\css\width_700.css
C:\Users\mbahoshy\coding\pv4\css\width_860.css
C:\Users\mbahoshy\coding\pv4\css\width_960.css
C:\Users\mbahoshy\coding\pv4\imgs\about_me_img.jpg
C:\Users\mbahoshy\coding\pv4\imgs\about_me_img_hover.jpg
C:\Users\mbahoshy\coding\pv4\imgs\portfolio_img.jpg
C:\Users\mbahoshy\coding\pv4\imgs\portfolio_img_hover.jpg
C:\Users\mbahoshy\coding\pv4\imgs\resume_img.jpg
C:\Users\mbahoshy\coding\pv4\imgs\resume_img_hover.jpg
C:\Users\mbahoshy\coding\pv4\js\main.js
C:\Users\mbahoshy\coding\pv4\js\routes-ng.js
C:\Users\mbahoshy\coding\pv4\js\controllers\controller.js
C:\Users\mbahoshy\coding\pv4\js\directives\header-directive.js
C:\Users\mbahoshy\coding\pv4\js\lib\angular-route.js
C:\Users\mbahoshy\coding\pv4\views\home-view.html
21 File(s) copied
C:\Users\mbahoshy\coding\pv4\copyback.bat
C:\Users\mbahoshy\coding\pv4\copyback.log
C:\Users\mbahoshy\coding\pv4\index.html
C:\Users\mbahoshy\coding\pv4\css\index.css
C:\Users\mbahoshy\coding\pv4\css\main.css
C:\Users\mbahoshy\coding\pv4\css\width_540.css
C:\Users\mbahoshy\coding\pv4\css\width_700.css
C:\Users\mbahoshy\coding\pv4\css\width_860.css
C:\Users\mbahoshy\coding\pv4\css\width_960.css
C:\Users\mbahoshy\coding\pv4\imgs\about_me_img.jpg
C:\Users\mbahoshy\coding\pv4\imgs\about_me_img_hover.jpg
C:\Users\mbahoshy\coding\pv4\imgs\portfolio_img.jpg
C:\Users\mbahoshy\coding\pv4\imgs\portfolio_img_hover.jpg
C:\Users\mbahoshy\coding\pv4\imgs\resume_img.jpg
C:\Users\mbahoshy\coding\pv4\imgs\resume_img_hover.jpg
C:\Users\mbahoshy\coding\pv4\js\main.js
C:\Users\mbahoshy\coding\pv4\js\routes-ng.js
C:\Users\mbahoshy\coding\pv4\js\controllers\controller.js
C:\Users\mbahoshy\coding\pv4\js\directives\header-directive.js
C:\Users\mbahoshy\coding\pv4\js\lib\angular-route.js
C:\Users\mbahoshy\coding\pv4\views\home-view.html
21 File(s) copied
C:\Users\mbahoshy\coding\pv4\copyback.bat
C:\Users\mbahoshy\coding\pv4\copyback.log
C:\Users\mbahoshy\coding\pv4\index.html
C:\Users\mbahoshy\coding\pv4\css\index.css
C:\Users\mbahoshy\coding\pv4\css\main.css
C:\Users\mbahoshy\coding\pv4\css\width_540.css
C:\Users\mbahoshy\coding\pv4\css\width_700.css
C:\Users\mbahoshy\coding\pv4\css\width_860.css
C:\Users\mbahoshy\coding\pv4\css\width_960.css
C:\Users\mbahoshy\coding\pv4\imgs\about_me_img.jpg
C:\Users\mbahoshy\coding\pv4\imgs\about_me_img_hover.jpg
C:\Users\mbahoshy\coding\pv4\imgs\portfolio_img.jpg
C:\Users\mbahoshy\coding\pv4\imgs\portfolio_img_hover.jpg
C:\Users\mbahoshy\coding\pv4\imgs\resume_img.jpg
C:\Users\mbahoshy\coding\pv4\imgs\resume_img_hover.jpg
C:\Users\mbahoshy\coding\pv4\js\main.js
C:\Users\mbahoshy\coding\pv4\js\routes-ng.js
C:\Users\mbahoshy\coding\pv4\js\controllers\controller.js
C:\Users\mbahoshy\coding\pv4\js\directives\header-directive.js
C:\Users\mbahoshy\coding\pv4\js\lib\angular-route.js
C:\Users\mbahoshy\coding\pv4\views\home-view.html
21 File(s) copied
C:\Users\mbahoshy\coding\pv4\copyback.bat
C:\Users\mbahoshy\coding\pv4\copyback.log
C:\Users\mbahoshy\coding\pv4\index.html
C:\Users\mbahoshy\coding\pv4\css\index.css
C:\Users\mbahoshy\coding\pv4\css\main.css
C:\Users\mbahoshy\coding\pv4\css\width_540.css
C:\Users\mbahoshy\coding\pv4\css\width_700.css
C:\Users\mbahoshy\coding\pv4\css\width_860.css
C:\Users\mbahoshy\coding\pv4\css\width_960.css
C:\Users\mbahoshy\coding\pv4\imgs\about_me_img.jpg
C:\Users\mbahoshy\coding\pv4\imgs\about_me_img_hover.jpg
C:\Users\mbahoshy\coding\pv4\imgs\portfolio_img.jpg
C:\Users\mbahoshy\coding\pv4\imgs\portfolio_img_hover.jpg
C:\Users\mbahoshy\coding\pv4\imgs\resume_img.jpg
C:\Users\mbahoshy\coding\pv4\imgs\resume_img_hover.jpg
C:\Users\mbahoshy\coding\pv4\js\main.js
C:\Users\mbahoshy\coding\pv4\js\routes-ng.js
C:\Users\mbahoshy\coding\pv4\js\controllers\controller.js
C:\Users\mbahoshy\coding\pv4\js\directives\header-directive.js
C:\Users\mbahoshy\coding\pv4\js\lib\angular-route.js
C:\Users\mbahoshy\coding\pv4\views\home-view.html
21 File(s) copied
C:\Users\mbahoshy\coding\pv4\copyback.bat
C:\Users\mbahoshy\coding\pv4\copyback.log
C:\Users\mbahoshy\coding\pv4\index.html
C:\Users\mbahoshy\coding\pv4\css\index.css
C:\Users\mbahoshy\coding\pv4\css\main.css
C:\Users\mbahoshy\coding\pv4\css\width_540.css
C:\Users\mbahoshy\coding\pv4\css\width_700.css
C:\Users\mbahoshy\coding\pv4\css\width_860.css
C:\Users\mbahoshy\coding\pv4\css\width_960.css
C:\Users\mbahoshy\coding\pv4\imgs\about_me_img.jpg
C:\Users\mbahoshy\coding\pv4\imgs\about_me_img_hover.jpg
C:\Users\mbahoshy\coding\pv4\imgs\portfolio_img.jpg
C:\Users\mbahoshy\coding\pv4\imgs\portfolio_img_hover.jpg
C:\Users\mbahoshy\coding\pv4\imgs\resume_img.jpg
C:\Users\mbahoshy\coding\pv4\imgs\resume_img_hover.jpg
C:\Users\mbahoshy\coding\pv4\js\main.js
C:\Users\mbahoshy\coding\pv4\js\routes-ng.js
C:\Users\mbahoshy\coding\pv4\js\controllers\controller.js
C:\Users\mbahoshy\coding\pv4\js\directives\header-directive.js
C:\Users\mbahoshy\coding\pv4\js\lib\angular-route.js
C:\Users\mbahoshy\coding\pv4\views\home-view.html
21 File(s) copied
C:\Users\mbahoshy\coding\pv4\copyback.bat
C:\Users\mbahoshy\coding\pv4\copyback.log
C:\Users\mbahoshy\coding\pv4\index.html
C:\Users\mbahoshy\coding\pv4\css\index.css
C:\Users\mbahoshy\coding\pv4\css\main.css
C:\Users\mbahoshy\coding\pv4\css\width_540.css
C:\Users\mbahoshy\coding\pv4\css\width_700.css
C:\Users\mbahoshy\coding\pv4\css\width_860.css
C:\Users\mbahoshy\coding\pv4\css\width_960.css
C:\Users\mbahoshy\coding\pv4\imgs\about_me_img.jpg
C:\Users\mbahoshy\coding\pv4\imgs\about_me_img_hover.jpg
C:\Users\mbahoshy\coding\pv4\imgs\portfolio_img.jpg
C:\Users\mbahoshy\coding\pv4\imgs\portfolio_img_hover.jpg
C:\Users\mbahoshy\coding\pv4\imgs\resume_img.jpg
C:\Users\mbahoshy\coding\pv4\imgs\resume_img_hover.jpg
C:\Users\mbahoshy\coding\pv4\js\main.js
C:\Users\mbahoshy\coding\pv4\js\routes-ng.js
C:\Users\mbahoshy\coding\pv4\js\controllers\controller.js
C:\Users\mbahoshy\coding\pv4\js\directives\header-directive.js
C:\Users\mbahoshy\coding\pv4\js\lib\angular-route.js
C:\Users\mbahoshy\coding\pv4\views\home-view.html
21 File(s) copied
C:\Users\mbahoshy\coding\pv4\copyback.bat
C:\Users\mbahoshy\coding\pv4\copyback.log
C:\Users\mbahoshy\coding\pv4\index.html
C:\Users\mbahoshy\coding\pv4\css\index.css
C:\Users\mbahoshy\coding\pv4\css\main.css
C:\Users\mbahoshy\coding\pv4\css\width_540.css
C:\Users\mbahoshy\coding\pv4\css\width_700.css
C:\Users\mbahoshy\coding\pv4\css\width_860.css
C:\Users\mbahoshy\coding\pv4\css\width_960.css
C:\Users\mbahoshy\coding\pv4\imgs\about_me_img.jpg
C:\Users\mbahoshy\coding\pv4\imgs\about_me_img_hover.jpg
C:\Users\mbahoshy\coding\pv4\imgs\portfolio_img.jpg
C:\Users\mbahoshy\coding\pv4\imgs\portfolio_img_hover.jpg
C:\Users\mbahoshy\coding\pv4\imgs\resume_img.jpg
C:\Users\mbahoshy\coding\pv4\imgs\resume_img_hover.jpg
C:\Users\mbahoshy\coding\pv4\js\main.js
C:\Users\mbahoshy\coding\pv4\js\routes-ng.js
C:\Users\mbahoshy\coding\pv4\js\controllers\controller.js
C:\Users\mbahoshy\coding\pv4\js\directives\header-directive.js
C:\Users\mbahoshy\coding\pv4\js\lib\angular-route.js
C:\Users\mbahoshy\coding\pv4\views\home-view.html
21 File(s) copied
C:\Users\mbahoshy\coding\pv4\copyback.bat
C:\Users\mbahoshy\coding\pv4\copyback.log
C:\Users\mbahoshy\coding\pv4\index.html
C:\Users\mbahoshy\coding\pv4\css\index.css
C:\Users\mbahoshy\coding\pv4\css\main.css
C:\Users\mbahoshy\coding\pv4\css\width_540.css
C:\Users\mbahoshy\coding\pv4\css\width_700.css
C:\Users\mbahoshy\coding\pv4\css\width_860.css
C:\Users\mbahoshy\coding\pv4\css\width_960.css
C:\Users\mbahoshy\coding\pv4\imgs\about_me_img.jpg
C:\Users\mbahoshy\coding\pv4\imgs\about_me_img_hover.jpg
C:\Users\mbahoshy\coding\pv4\imgs\portfolio_img.jpg
C:\Users\mbahoshy\coding\pv4\imgs\portfolio_img_hover.jpg
C:\Users\mbahoshy\coding\pv4\imgs\resume_img.jpg
C:\Users\mbahoshy\coding\pv4\imgs\resume_img_hover.jpg
C:\Users\mbahoshy\coding\pv4\js\main.js
C:\Users\mbahoshy\coding\pv4\js\routes-ng.js
C:\Users\mbahoshy\coding\pv4\js\controllers\controller.js
C:\Users\mbahoshy\coding\pv4\js\directives\header-directive.js
C:\Users\mbahoshy\coding\pv4\js\lib\angular-route.js
C:\Users\mbahoshy\coding\pv4\views\home-view.html
21 File(s) copied
C:\Users\mbahoshy\coding\pv4\copyback.bat
C:\Users\mbahoshy\coding\pv4\copyback.log
C:\Users\mbahoshy\coding\pv4\index.html
C:\Users\mbahoshy\coding\pv4\css\index.css
C:\Users\mbahoshy\coding\pv4\css\main.css
C:\Users\mbahoshy\coding\pv4\css\width_540.css
C:\Users\mbahoshy\coding\pv4\css\width_700.css
C:\Users\mbahoshy\coding\pv4\css\width_860.css
C:\Users\mbahoshy\coding\pv4\css\width_960.css
C:\Users\mbahoshy\coding\pv4\imgs\about_me_img.jpg
C:\Users\mbahoshy\coding\pv4\imgs\about_me_img_hover.jpg
C:\Users\mbahoshy\coding\pv4\imgs\portfolio_img.jpg
C:\Users\mbahoshy\coding\pv4\imgs\portfolio_img_hover.jpg
C:\Users\mbahoshy\coding\pv4\imgs\resume_img.jpg
C:\Users\mbahoshy\coding\pv4\imgs\resume_img_hover.jpg
C:\Users\mbahoshy\coding\pv4\js\main.js
C:\Users\mbahoshy\coding\pv4\js\routes-ng.js
C:\Users\mbahoshy\coding\pv4\js\controllers\controller.js
C:\Users\mbahoshy\coding\pv4\js\directives\header-directive.js
C:\Users\mbahoshy\coding\pv4\js\lib\angular-route.js
C:\Users\mbahoshy\coding\pv4\views\home-view.html
21 File(s) copied
C:\Users\mbahoshy\coding\pv4\copyback.bat
C:\Users\mbahoshy\coding\pv4\copyback.log
C:\Users\mbahoshy\coding\pv4\index.html
C:\Users\mbahoshy\coding\pv4\css\index.css
C:\Users\mbahoshy\coding\pv4\css\main.css
C:\Users\mbahoshy\coding\pv4\css\width_540.css
C:\Users\mbahoshy\coding\pv4\css\width_700.css
C:\Users\mbahoshy\coding\pv4\css\width_860.css
C:\Users\mbahoshy\coding\pv4\css\width_960.css
C:\Users\mbahoshy\coding\pv4\imgs\about_me_img.jpg
C:\Users\mbahoshy\coding\pv4\imgs\about_me_img_hover.jpg
C:\Users\mbahoshy\coding\pv4\imgs\portfolio_img.jpg
C:\Users\mbahoshy\coding\pv4\imgs\portfolio_img_hover.jpg
C:\Users\mbahoshy\coding\pv4\imgs\resume_img.jpg
C:\Users\mbahoshy\coding\pv4\imgs\resume_img_hover.jpg
C:\Users\mbahoshy\coding\pv4\js\main.js
C:\Users\mbahoshy\coding\pv4\js\routes-ng.js
C:\Users\mbahoshy\coding\pv4\js\controllers\controller.js
C:\Users\mbahoshy\coding\pv4\js\directives\header-directive.js
C:\Users\mbahoshy\coding\pv4\js\lib\angular-route.js
C:\Users\mbahoshy\coding\pv4\views\home-view.html
21 File(s) copied
C:\Users\mbahoshy\coding\pv4\copyback.bat
C:\Users\mbahoshy\coding\pv4\copyback.log
C:\Users\mbahoshy\coding\pv4\index.html
C:\Users\mbahoshy\coding\pv4\css\index.css
C:\Users\mbahoshy\coding\pv4\css\main.css
C:\Users\mbahoshy\coding\pv4\css\width_540.css
C:\Users\mbahoshy\coding\pv4\css\width_700.css
C:\Users\mbahoshy\coding\pv4\css\width_860.css
C:\Users\mbahoshy\coding\pv4\css\width_960.css
C:\Users\mbahoshy\coding\pv4\imgs\about_me_img.jpg
C:\Users\mbahoshy\coding\pv4\imgs\about_me_img_hover.jpg
C:\Users\mbahoshy\coding\pv4\imgs\portfolio_img.jpg
C:\Users\mbahoshy\coding\pv4\imgs\portfolio_img_hover.jpg
C:\Users\mbahoshy\coding\pv4\imgs\resume_img.jpg
C:\Users\mbahoshy\coding\pv4\imgs\resume_img_hover.jpg
C:\Users\mbahoshy\coding\pv4\js\main.js
C:\Users\mbahoshy\coding\pv4\js\routes-ng.js
C:\Users\mbahoshy\coding\pv4\js\controllers\controller.js
C:\Users\mbahoshy\coding\pv4\js\directives\header-directive.js
C:\Users\mbahoshy\coding\pv4\js\lib\angular-route.js
C:\Users\mbahoshy\coding\pv4\views\home-view.html
21 File(s) copied
C:\Users\mbahoshy\coding\pv4\copyback.bat
C:\Users\mbahoshy\coding\pv4\copyback.log
C:\Users\mbahoshy\coding\pv4\index.html
C:\Users\mbahoshy\coding\pv4\css\index.css
C:\Users\mbahoshy\coding\pv4\css\main.css
C:\Users\mbahoshy\coding\pv4\css\width_540.css
C:\Users\mbahoshy\coding\pv4\css\width_700.css
C:\Users\mbahoshy\coding\pv4\css\width_860.css
C:\Users\mbahoshy\coding\pv4\css\width_960.css
C:\Users\mbahoshy\coding\pv4\imgs\about_me_img.jpg
C:\Users\mbahoshy\coding\pv4\imgs\about_me_img_hover.jpg
C:\Users\mbahoshy\coding\pv4\imgs\portfolio_img.jpg
C:\Users\mbahoshy\coding\pv4\imgs\portfolio_img_hover.jpg
C:\Users\mbahoshy\coding\pv4\imgs\resume_img.jpg
C:\Users\mbahoshy\coding\pv4\imgs\resume_img_hover.jpg
C:\Users\mbahoshy\coding\pv4\js\main.js
C:\Users\mbahoshy\coding\pv4\js\routes-ng.js
C:\Users\mbahoshy\coding\pv4\js\controllers\controller.js
C:\Users\mbahoshy\coding\pv4\js\directives\header-directive.js
C:\Users\mbahoshy\coding\pv4\js\lib\angular-route.js
C:\Users\mbahoshy\coding\pv4\views\home-view.html
21 File(s) copied
C:\Users\mbahoshy\coding\pv4\copyback.bat
C:\Users\mbahoshy\coding\pv4\copyback.log
C:\Users\mbahoshy\coding\pv4\index.html
C:\Users\mbahoshy\coding\pv4\css\index.css
C:\Users\mbahoshy\coding\pv4\css\main.css
C:\Users\mbahoshy\coding\pv4\css\width_540.css
C:\Users\mbahoshy\coding\pv4\css\width_700.css
C:\Users\mbahoshy\coding\pv4\css\width_860.css
C:\Users\mbahoshy\coding\pv4\css\width_960.css
C:\Users\mbahoshy\coding\pv4\imgs\about_me_img.jpg
C:\Users\mbahoshy\coding\pv4\imgs\about_me_img_hover.jpg
C:\Users\mbahoshy\coding\pv4\imgs\portfolio_img.jpg
C:\Users\mbahoshy\coding\pv4\imgs\portfolio_img_hover.jpg
C:\Users\mbahoshy\coding\pv4\imgs\resume_img.jpg
C:\Users\mbahoshy\coding\pv4\imgs\resume_img_hover.jpg
C:\Users\mbahoshy\coding\pv4\js\main.js
C:\Users\mbahoshy\coding\pv4\js\routes-ng.js
C:\Users\mbahoshy\coding\pv4\js\controllers\controller.js
C:\Users\mbahoshy\coding\pv4\js\directives\header-directive.js
C:\Users\mbahoshy\coding\pv4\js\lib\angular-route.js
C:\Users\mbahoshy\coding\pv4\views\home-view.html
21 File(s) copied
C:\Users\mbahoshy\coding\pv4\copyback.bat
C:\Users\mbahoshy\coding\pv4\copyback.log
C:\Users\mbahoshy\coding\pv4\index.html
C:\Users\mbahoshy\coding\pv4\css\index.css
C:\Users\mbahoshy\coding\pv4\css\main.css
C:\Users\mbahoshy\coding\pv4\css\width_540.css
C:\Users\mbahoshy\coding\pv4\css\width_700.css
C:\Users\mbahoshy\coding\pv4\css\width_860.css
C:\Users\mbahoshy\coding\pv4\css\width_960.css
C:\Users\mbahoshy\coding\pv4\imgs\about_me_img.jpg
C:\Users\mbahoshy\coding\pv4\imgs\about_me_img_hover.jpg
C:\Users\mbahoshy\coding\pv4\imgs\portfolio_img.jpg
C:\Users\mbahoshy\coding\pv4\imgs\portfolio_img_hover.jpg
C:\Users\mbahoshy\coding\pv4\imgs\resume_img.jpg
C:\Users\mbahoshy\coding\pv4\imgs\resume_img_hover.jpg
C:\Users\mbahoshy\coding\pv4\js\main.js
C:\Users\mbahoshy\coding\pv4\js\routes-ng.js
C:\Users\mbahoshy\coding\pv4\js\controllers\controller.js
C:\Users\mbahoshy\coding\pv4\js\directives\header-directive.js
C:\Users\mbahoshy\coding\pv4\js\lib\angular-route.js
C:\Users\mbahoshy\coding\pv4\views\home-view.html
21 File(s) copied
C:\Users\mbahoshy\coding\pv4\copyback.bat
C:\Users\mbahoshy\coding\pv4\copyback.log
C:\Users\mbahoshy\coding\pv4\index.html
C:\Users\mbahoshy\coding\pv4\css\index.css
C:\Users\mbahoshy\coding\pv4\css\main.css
C:\Users\mbahoshy\coding\pv4\css\width_540.css
C:\Users\mbahoshy\coding\pv4\css\width_700.css
C:\Users\mbahoshy\coding\pv4\css\width_860.css
C:\Users\mbahoshy\coding\pv4\css\width_960.css
C:\Users\mbahoshy\coding\pv4\imgs\about_me_img.jpg
C:\Users\mbahoshy\coding\pv4\imgs\about_me_img_hover.jpg
C:\Users\mbahoshy\coding\pv4\imgs\portfolio_img.jpg
C:\Users\mbahoshy\coding\pv4\imgs\portfolio_img_hover.jpg
C:\Users\mbahoshy\coding\pv4\imgs\resume_img.jpg
C:\Users\mbahoshy\coding\pv4\imgs\resume_img_hover.jpg
C:\Users\mbahoshy\coding\pv4\js\main.js
C:\Users\mbahoshy\coding\pv4\js\routes-ng.js
C:\Users\mbahoshy\coding\pv4\js\controllers\controller.js
C:\Users\mbahoshy\coding\pv4\js\directives\header-directive.js
C:\Users\mbahoshy\coding\pv4\js\lib\angular-route.js
C:\Users\mbahoshy\coding\pv4\views\home-view.html
21 File(s) copied
C:\Users\mbahoshy\coding\pv4\copyback.bat
C:\Users\mbahoshy\coding\pv4\copyback.log
C:\Users\mbahoshy\coding\pv4\index.html
C:\Users\mbahoshy\coding\pv4\css\index.css
C:\Users\mbahoshy\coding\pv4\css\main.css
C:\Users\mbahoshy\coding\pv4\css\width_540.css
C:\Users\mbahoshy\coding\pv4\css\width_700.css
C:\Users\mbahoshy\coding\pv4\css\width_860.css
C:\Users\mbahoshy\coding\pv4\css\width_960.css
C:\Users\mbahoshy\coding\pv4\imgs\about_me_img.jpg
C:\Users\mbahoshy\coding\pv4\imgs\about_me_img_hover.jpg
C:\Users\mbahoshy\coding\pv4\imgs\portfolio_img.jpg
C:\Users\mbahoshy\coding\pv4\imgs\portfolio_img_hover.jpg
C:\Users\mbahoshy\coding\pv4\imgs\resume_img.jpg
C:\Users\mbahoshy\coding\pv4\imgs\resume_img_hover.jpg
C:\Users\mbahoshy\coding\pv4\js\main.js
C:\Users\mbahoshy\coding\pv4\js\routes-ng.js
C:\Users\mbahoshy\coding\pv4\js\controllers\controller.js
C:\Users\mbahoshy\coding\pv4\js\directives\header-directive.js
C:\Users\mbahoshy\coding\pv4\js\lib\angular-route.js
C:\Users\mbahoshy\coding\pv4\views\home-view.html
21 File(s) copied
C:\Users\mbahoshy\coding\pv4\copyback.bat
C:\Users\mbahoshy\coding\pv4\copyback.log
C:\Users\mbahoshy\coding\pv4\index.html
C:\Users\mbahoshy\coding\pv4\css\index.css
C:\Users\mbahoshy\coding\pv4\css\main.css
C:\Users\mbahoshy\coding\pv4\css\width_540.css
C:\Users\mbahoshy\coding\pv4\css\width_750.css
C:\Users\mbahoshy\coding\pv4\css\width_860.css
C:\Users\mbahoshy\coding\pv4\css\width_960.css
C:\Users\mbahoshy\coding\pv4\imgs\about_me_img.jpg
C:\Users\mbahoshy\coding\pv4\imgs\about_me_img_hover.jpg
C:\Users\mbahoshy\coding\pv4\imgs\portfolio_img.jpg
C:\Users\mbahoshy\coding\pv4\imgs\portfolio_img_hover.jpg
C:\Users\mbahoshy\coding\pv4\imgs\resume_img.jpg
C:\Users\mbahoshy\coding\pv4\imgs\resume_img_hover.jpg
C:\Users\mbahoshy\coding\pv4\js\main.js
C:\Users\mbahoshy\coding\pv4\js\routes-ng.js
C:\Users\mbahoshy\coding\pv4\js\controllers\controller.js
C:\Users\mbahoshy\coding\pv4\js\directives\header-directive.js
C:\Users\mbahoshy\coding\pv4\js\lib\angular-route.js
C:\Users\mbahoshy\coding\pv4\views\home-view.html
21 File(s) copied
C:\Users\mbahoshy\coding\pv4\copyback.bat
C:\Users\mbahoshy\coding\pv4\copyback.log
C:\Users\mbahoshy\coding\pv4\index.html
C:\Users\mbahoshy\coding\pv4\css\index.css
C:\Users\mbahoshy\coding\pv4\css\main.css
C:\Users\mbahoshy\coding\pv4\css\width_540.css
C:\Users\mbahoshy\coding\pv4\css\width_750.css
C:\Users\mbahoshy\coding\pv4\css\width_860.css
C:\Users\mbahoshy\coding\pv4\css\width_960.css
C:\Users\mbahoshy\coding\pv4\imgs\about_me_img.jpg
C:\Users\mbahoshy\coding\pv4\imgs\about_me_img_hover.jpg
C:\Users\mbahoshy\coding\pv4\imgs\portfolio_img.jpg
C:\Users\mbahoshy\coding\pv4\imgs\portfolio_img_hover.jpg
C:\Users\mbahoshy\coding\pv4\imgs\resume_img.jpg
C:\Users\mbahoshy\coding\pv4\imgs\resume_img_hover.jpg
C:\Users\mbahoshy\coding\pv4\js\main.js
C:\Users\mbahoshy\coding\pv4\js\routes-ng.js
C:\Users\mbahoshy\coding\pv4\js\controllers\controller.js
C:\Users\mbahoshy\coding\pv4\js\directives\header-directive.js
C:\Users\mbahoshy\coding\pv4\js\lib\angular-route.js
C:\Users\mbahoshy\coding\pv4\views\home-view.html
21 File(s) copied
C:\Users\mbahoshy\coding\pv4\copyback.bat
C:\Users\mbahoshy\coding\pv4\copyback.log
C:\Users\mbahoshy\coding\pv4\index.html
C:\Users\mbahoshy\coding\pv4\css\index.css
C:\Users\mbahoshy\coding\pv4\css\main.css
C:\Users\mbahoshy\coding\pv4\css\width_540.css
C:\Users\mbahoshy\coding\pv4\css\width_750.css
C:\Users\mbahoshy\coding\pv4\css\width_860.css
C:\Users\mbahoshy\coding\pv4\css\width_960.css
C:\Users\mbahoshy\coding\pv4\imgs\about_me_img.jpg
C:\Users\mbahoshy\coding\pv4\imgs\about_me_img_hover.jpg
C:\Users\mbahoshy\coding\pv4\imgs\portfolio_img.jpg
C:\Users\mbahoshy\coding\pv4\imgs\portfolio_img_hover.jpg
C:\Users\mbahoshy\coding\pv4\imgs\resume_img.jpg
C:\Users\mbahoshy\coding\pv4\imgs\resume_img_hover.jpg
C:\Users\mbahoshy\coding\pv4\js\main.js
C:\Users\mbahoshy\coding\pv4\js\routes-ng.js
C:\Users\mbahoshy\coding\pv4\js\controllers\controller.js
C:\Users\mbahoshy\coding\pv4\js\directives\header-directive.js
C:\Users\mbahoshy\coding\pv4\js\lib\angular-route.js
C:\Users\mbahoshy\coding\pv4\views\home-view.html
21 File(s) copied
C:\Users\mbahoshy\coding\pv4\copyback.bat
C:\Users\mbahoshy\coding\pv4\copyback.log
C:\Users\mbahoshy\coding\pv4\index.html
C:\Users\mbahoshy\coding\pv4\css\index.css
C:\Users\mbahoshy\coding\pv4\css\main.css
C:\Users\mbahoshy\coding\pv4\css\width_540.css
C:\Users\mbahoshy\coding\pv4\css\width_750.css
C:\Users\mbahoshy\coding\pv4\css\width_860.css
C:\Users\mbahoshy\coding\pv4\css\width_960.css
C:\Users\mbahoshy\coding\pv4\imgs\about_me_img.jpg
C:\Users\mbahoshy\coding\pv4\imgs\about_me_img_hover.jpg
C:\Users\mbahoshy\coding\pv4\imgs\portfolio_img.jpg
C:\Users\mbahoshy\coding\pv4\imgs\portfolio_img_hover.jpg
C:\Users\mbahoshy\coding\pv4\imgs\resume_img.jpg
C:\Users\mbahoshy\coding\pv4\imgs\resume_img_hover.jpg
C:\Users\mbahoshy\coding\pv4\js\main.js
C:\Users\mbahoshy\coding\pv4\js\routes-ng.js
C:\Users\mbahoshy\coding\pv4\js\controllers\controller.js
C:\Users\mbahoshy\coding\pv4\js\directives\header-directive.js
C:\Users\mbahoshy\coding\pv4\js\lib\angular-route.js
C:\Users\mbahoshy\coding\pv4\views\home-view.html
21 File(s) copied
C:\Users\mbahoshy\coding\pv4\copyback.bat
C:\Users\mbahoshy\coding\pv4\copyback.log
C:\Users\mbahoshy\coding\pv4\index.html
C:\Users\mbahoshy\coding\pv4\css\index.css
C:\Users\mbahoshy\coding\pv4\css\main.css
C:\Users\mbahoshy\coding\pv4\css\width_540.css
C:\Users\mbahoshy\coding\pv4\css\width_750.css
C:\Users\mbahoshy\coding\pv4\css\width_860.css
C:\Users\mbahoshy\coding\pv4\css\width_960.css
C:\Users\mbahoshy\coding\pv4\imgs\about_me_img.jpg
C:\Users\mbahoshy\coding\pv4\imgs\about_me_img_hover.jpg
C:\Users\mbahoshy\coding\pv4\imgs\portfolio_img.jpg
C:\Users\mbahoshy\coding\pv4\imgs\portfolio_img_hover.jpg
C:\Users\mbahoshy\coding\pv4\imgs\resume_img.jpg
C:\Users\mbahoshy\coding\pv4\imgs\resume_img_hover.jpg
C:\Users\mbahoshy\coding\pv4\js\main.js
C:\Users\mbahoshy\coding\pv4\js\routes-ng.js
C:\Users\mbahoshy\coding\pv4\js\controllers\controller.js
C:\Users\mbahoshy\coding\pv4\js\directives\header-directive.js
C:\Users\mbahoshy\coding\pv4\js\lib\angular-route.js
C:\Users\mbahoshy\coding\pv4\views\home-view.html
21 File(s) copied
C:\Users\mbahoshy\coding\pv4\copyback.bat
C:\Users\mbahoshy\coding\pv4\copyback.log
C:\Users\mbahoshy\coding\pv4\index.html
C:\Users\mbahoshy\coding\pv4\css\index.css
C:\Users\mbahoshy\coding\pv4\css\main.css
C:\Users\mbahoshy\coding\pv4\css\width_540.css
C:\Users\mbahoshy\coding\pv4\css\width_750.css
C:\Users\mbahoshy\coding\pv4\css\width_860.css
C:\Users\mbahoshy\coding\pv4\css\width_960.css
C:\Users\mbahoshy\coding\pv4\imgs\about_me_img.jpg
C:\Users\mbahoshy\coding\pv4\imgs\about_me_img_hover.jpg
C:\Users\mbahoshy\coding\pv4\imgs\portfolio_img.jpg
C:\Users\mbahoshy\coding\pv4\imgs\portfolio_img_hover.jpg
C:\Users\mbahoshy\coding\pv4\imgs\resume_img.jpg
C:\Users\mbahoshy\coding\pv4\imgs\resume_img_hover.jpg
C:\Users\mbahoshy\coding\pv4\js\main.js
C:\Users\mbahoshy\coding\pv4\js\routes-ng.js
C:\Users\mbahoshy\coding\pv4\js\controllers\controller.js
C:\Users\mbahoshy\coding\pv4\js\directives\header-directive.js
C:\Users\mbahoshy\coding\pv4\js\lib\angular-route.js
C:\Users\mbahoshy\coding\pv4\views\home-view.html
21 File(s) copied
C:\Users\mbahoshy\coding\pv4\copyback.bat
C:\Users\mbahoshy\coding\pv4\copyback.log
C:\Users\mbahoshy\coding\pv4\index.html
C:\Users\mbahoshy\coding\pv4\css\index.css
C:\Users\mbahoshy\coding\pv4\css\main.css
C:\Users\mbahoshy\coding\pv4\css\width_540.css
C:\Users\mbahoshy\coding\pv4\css\width_750.css
C:\Users\mbahoshy\coding\pv4\css\width_860.css
C:\Users\mbahoshy\coding\pv4\css\width_960.css
C:\Users\mbahoshy\coding\pv4\imgs\about_me_img.jpg
C:\Users\mbahoshy\coding\pv4\imgs\about_me_img_hover.jpg
C:\Users\mbahoshy\coding\pv4\imgs\portfolio_img.jpg
C:\Users\mbahoshy\coding\pv4\imgs\portfolio_img_hover.jpg
C:\Users\mbahoshy\coding\pv4\imgs\resume_img.jpg
C:\Users\mbahoshy\coding\pv4\imgs\resume_img_hover.jpg
C:\Users\mbahoshy\coding\pv4\js\main.js
C:\Users\mbahoshy\coding\pv4\js\routes-ng.js
C:\Users\mbahoshy\coding\pv4\js\controllers\controller.js
C:\Users\mbahoshy\coding\pv4\js\directives\header-directive.js
C:\Users\mbahoshy\coding\pv4\js\lib\angular-route.js
C:\Users\mbahoshy\coding\pv4\views\home-view.html
21 File(s) copied
C:\Users\mbahoshy\coding\pv4\copyback.bat
C:\Users\mbahoshy\coding\pv4\copyback.log
C:\Users\mbahoshy\coding\pv4\index.html
C:\Users\mbahoshy\coding\pv4\css\index.css
C:\Users\mbahoshy\coding\pv4\css\main.css
C:\Users\mbahoshy\coding\pv4\css\width_540.css
C:\Users\mbahoshy\coding\pv4\css\width_750.css
C:\Users\mbahoshy\coding\pv4\css\width_860.css
C:\Users\mbahoshy\coding\pv4\css\width_960.css
C:\Users\mbahoshy\coding\pv4\imgs\about_me_img.jpg
C:\Users\mbahoshy\coding\pv4\imgs\about_me_img_hover.jpg
C:\Users\mbahoshy\coding\pv4\imgs\portfolio_img.jpg
C:\Users\mbahoshy\coding\pv4\imgs\portfolio_img_hover.jpg
C:\Users\mbahoshy\coding\pv4\imgs\resume_img.jpg
C:\Users\mbahoshy\coding\pv4\imgs\resume_img_hover.jpg
C:\Users\mbahoshy\coding\pv4\js\main.js
C:\Users\mbahoshy\coding\pv4\js\routes-ng.js
C:\Users\mbahoshy\coding\pv4\js\controllers\controller.js
C:\Users\mbahoshy\coding\pv4\js\directives\header-directive.js
C:\Users\mbahoshy\coding\pv4\js\lib\angular-route.js
C:\Users\mbahoshy\coding\pv4\views\home-view.html
21 File(s) copied
C:\Users\mbahoshy\coding\pv4\copyback.bat
C:\Users\mbahoshy\coding\pv4\copyback.log
C:\Users\mbahoshy\coding\pv4\index.html
C:\Users\mbahoshy\coding\pv4\css\index.css
C:\Users\mbahoshy\coding\pv4\css\main.css
C:\Users\mbahoshy\coding\pv4\css\width_540.css
C:\Users\mbahoshy\coding\pv4\css\width_750.css
C:\Users\mbahoshy\coding\pv4\css\width_860.css
C:\Users\mbahoshy\coding\pv4\css\width_960.css
C:\Users\mbahoshy\coding\pv4\imgs\about_me_img.jpg
C:\Users\mbahoshy\coding\pv4\imgs\about_me_img_hover.jpg
C:\Users\mbahoshy\coding\pv4\imgs\portfolio_img.jpg
C:\Users\mbahoshy\coding\pv4\imgs\portfolio_img_hover.jpg
C:\Users\mbahoshy\coding\pv4\imgs\resume_img.jpg
C:\Users\mbahoshy\coding\pv4\imgs\resume_img_hover.jpg
C:\Users\mbahoshy\coding\pv4\js\main.js
C:\Users\mbahoshy\coding\pv4\js\routes-ng.js
C:\Users\mbahoshy\coding\pv4\js\controllers\controller.js
C:\Users\mbahoshy\coding\pv4\js\directives\header-directive.js
C:\Users\mbahoshy\coding\pv4\js\lib\angular-route.js
C:\Users\mbahoshy\coding\pv4\views\home-view.html
21 File(s) copied
C:\Users\mbahoshy\coding\pv4\copyback.bat
C:\Users\mbahoshy\coding\pv4\copyback.log
C:\Users\mbahoshy\coding\pv4\index.html
C:\Users\mbahoshy\coding\pv4\css\index.css
C:\Users\mbahoshy\coding\pv4\css\main.css
C:\Users\mbahoshy\coding\pv4\css\width_540.css
C:\Users\mbahoshy\coding\pv4\css\width_750.css
C:\Users\mbahoshy\coding\pv4\css\width_860.css
C:\Users\mbahoshy\coding\pv4\css\width_960.css
C:\Users\mbahoshy\coding\pv4\imgs\about_me_img.jpg
C:\Users\mbahoshy\coding\pv4\imgs\about_me_img_hover.jpg
C:\Users\mbahoshy\coding\pv4\imgs\portfolio_img.jpg
C:\Users\mbahoshy\coding\pv4\imgs\portfolio_img_hover.jpg
C:\Users\mbahoshy\coding\pv4\imgs\resume_img.jpg
C:\Users\mbahoshy\coding\pv4\imgs\resume_img_hover.jpg
C:\Users\mbahoshy\coding\pv4\js\main.js
C:\Users\mbahoshy\coding\pv4\js\routes-ng.js
C:\Users\mbahoshy\coding\pv4\js\controllers\controller.js
C:\Users\mbahoshy\coding\pv4\js\directives\header-directive.js
C:\Users\mbahoshy\coding\pv4\js\lib\angular-route.js
C:\Users\mbahoshy\coding\pv4\views\home-view.html
21 File(s) copied
C:\Users\mbahoshy\coding\pv4\copyback.bat
C:\Users\mbahoshy\coding\pv4\copyback.log
C:\Users\mbahoshy\coding\pv4\index.html
C:\Users\mbahoshy\coding\pv4\css\index.css
C:\Users\mbahoshy\coding\pv4\css\main.css
C:\Users\mbahoshy\coding\pv4\css\width_540.css
C:\Users\mbahoshy\coding\pv4\css\width_750.css
C:\Users\mbahoshy\coding\pv4\css\width_860.css
C:\Users\mbahoshy\coding\pv4\css\width_960.css
C:\Users\mbahoshy\coding\pv4\imgs\about_me_img.jpg
C:\Users\mbahoshy\coding\pv4\imgs\about_me_img_hover.jpg
C:\Users\mbahoshy\coding\pv4\imgs\portfolio_img.jpg
C:\Users\mbahoshy\coding\pv4\imgs\portfolio_img_hover.jpg
C:\Users\mbahoshy\coding\pv4\imgs\resume_img.jpg
C:\Users\mbahoshy\coding\pv4\imgs\resume_img_hover.jpg
C:\Users\mbahoshy\coding\pv4\js\main.js
C:\Users\mbahoshy\coding\pv4\js\routes-ng.js
C:\Users\mbahoshy\coding\pv4\js\controllers\controller.js
C:\Users\mbahoshy\coding\pv4\js\directives\header-directive.js
C:\Users\mbahoshy\coding\pv4\js\lib\angular-route.js
C:\Users\mbahoshy\coding\pv4\views\home-view.html
21 File(s) copied
C:\Users\mbahoshy\coding\pv4\copyback.bat
C:\Users\mbahoshy\coding\pv4\copyback.log
C:\Users\mbahoshy\coding\pv4\index.html
C:\Users\mbahoshy\coding\pv4\css\index.css
C:\Users\mbahoshy\coding\pv4\css\main.css
C:\Users\mbahoshy\coding\pv4\css\width_540.css
C:\Users\mbahoshy\coding\pv4\css\width_750.css
C:\Users\mbahoshy\coding\pv4\css\width_860.css
C:\Users\mbahoshy\coding\pv4\css\width_960.css
C:\Users\mbahoshy\coding\pv4\imgs\about_me_img.jpg
C:\Users\mbahoshy\coding\pv4\imgs\about_me_img_hover.jpg
C:\Users\mbahoshy\coding\pv4\imgs\portfolio_img.jpg
C:\Users\mbahoshy\coding\pv4\imgs\portfolio_img_hover.jpg
C:\Users\mbahoshy\coding\pv4\imgs\resume_img.jpg
C:\Users\mbahoshy\coding\pv4\imgs\resume_img_hover.jpg
C:\Users\mbahoshy\coding\pv4\js\main.js
C:\Users\mbahoshy\coding\pv4\js\routes-ng.js
C:\Users\mbahoshy\coding\pv4\js\controllers\controller.js
C:\Users\mbahoshy\coding\pv4\js\directives\header-directive.js
C:\Users\mbahoshy\coding\pv4\js\lib\angular-route.js
C:\Users\mbahoshy\coding\pv4\views\home-view.html
21 File(s) copied
C:\Users\mbahoshy\coding\pv4\copyback.bat
C:\Users\mbahoshy\coding\pv4\copyback.log
C:\Users\mbahoshy\coding\pv4\index.html
C:\Users\mbahoshy\coding\pv4\css\index.css
C:\Users\mbahoshy\coding\pv4\css\main.css
C:\Users\mbahoshy\coding\pv4\css\width_540.css
C:\Users\mbahoshy\coding\pv4\css\width_750.css
C:\Users\mbahoshy\coding\pv4\css\width_860.css
C:\Users\mbahoshy\coding\pv4\css\width_960.css
C:\Users\mbahoshy\coding\pv4\imgs\about_me_img.jpg
C:\Users\mbahoshy\coding\pv4\imgs\about_me_img_hover.jpg
C:\Users\mbahoshy\coding\pv4\imgs\portfolio_img.jpg
C:\Users\mbahoshy\coding\pv4\imgs\portfolio_img_hover.jpg
C:\Users\mbahoshy\coding\pv4\imgs\resume_img.jpg
C:\Users\mbahoshy\coding\pv4\imgs\resume_img_hover.jpg
C:\Users\mbahoshy\coding\pv4\js\main.js
C:\Users\mbahoshy\coding\pv4\js\routes-ng.js
C:\Users\mbahoshy\coding\pv4\js\controllers\controller.js
C:\Users\mbahoshy\coding\pv4\js\directives\header-directive.js
C:\Users\mbahoshy\coding\pv4\js\lib\angular-route.js
C:\Users\mbahoshy\coding\pv4\views\home-view.html
21 File(s) copied
C:\Users\mbahoshy\coding\pv4\copyback.bat
C:\Users\mbahoshy\coding\pv4\copyback.log
C:\Users\mbahoshy\coding\pv4\index.html
C:\Users\mbahoshy\coding\pv4\css\index.css
C:\Users\mbahoshy\coding\pv4\css\main.css
C:\Users\mbahoshy\coding\pv4\css\width_540.css
C:\Users\mbahoshy\coding\pv4\css\width_750.css
C:\Users\mbahoshy\coding\pv4\css\width_860.css
C:\Users\mbahoshy\coding\pv4\css\width_960.css
C:\Users\mbahoshy\coding\pv4\imgs\about_me_img.jpg
C:\Users\mbahoshy\coding\pv4\imgs\about_me_img_hover.jpg
C:\Users\mbahoshy\coding\pv4\imgs\portfolio_img.jpg
C:\Users\mbahoshy\coding\pv4\imgs\portfolio_img_hover.jpg
C:\Users\mbahoshy\coding\pv4\imgs\resume_img.jpg
C:\Users\mbahoshy\coding\pv4\imgs\resume_img_hover.jpg
C:\Users\mbahoshy\coding\pv4\js\main.js
C:\Users\mbahoshy\coding\pv4\js\routes-ng.js
C:\Users\mbahoshy\coding\pv4\js\controllers\controller.js
C:\Users\mbahoshy\coding\pv4\js\directives\header-directive.js
C:\Users\mbahoshy\coding\pv4\js\lib\angular-route.js
C:\Users\mbahoshy\coding\pv4\views\about-me-view.html
C:\Users\mbahoshy\coding\pv4\views\home-view.html
C:\Users\mbahoshy\coding\pv4\views\portfolio-view.html
C:\Users\mbahoshy\coding\pv4\views\resume-view.html
24 File(s) copied
C:\Users\mbahoshy\coding\pv4\copyback.bat
C:\Users\mbahoshy\coding\pv4\copyback.log
C:\Users\mbahoshy\coding\pv4\index.html
C:\Users\mbahoshy\coding\pv4\css\index.css
C:\Users\mbahoshy\coding\pv4\css\main.css
C:\Users\mbahoshy\coding\pv4\css\width_540.css
C:\Users\mbahoshy\coding\pv4\css\width_750.css
C:\Users\mbahoshy\coding\pv4\css\width_860.css
C:\Users\mbahoshy\coding\pv4\css\width_960.css
C:\Users\mbahoshy\coding\pv4\imgs\about_me_img.jpg
C:\Users\mbahoshy\coding\pv4\imgs\about_me_img_hover.jpg
C:\Users\mbahoshy\coding\pv4\imgs\portfolio_img.jpg
C:\Users\mbahoshy\coding\pv4\imgs\portfolio_img_hover.jpg
C:\Users\mbahoshy\coding\pv4\imgs\resume_img.jpg
C:\Users\mbahoshy\coding\pv4\imgs\resume_img_hover.jpg
C:\Users\mbahoshy\coding\pv4\js\main.js
C:\Users\mbahoshy\coding\pv4\js\routes-ng.js
C:\Users\mbahoshy\coding\pv4\js\controllers\controller.js
C:\Users\mbahoshy\coding\pv4\js\directives\header-directive.js
C:\Users\mbahoshy\coding\pv4\js\lib\angular-route.js
C:\Users\mbahoshy\coding\pv4\views\about-me-view.html
C:\Users\mbahoshy\coding\pv4\views\home-view.html
C:\Users\mbahoshy\coding\pv4\views\portfolio-view.html
C:\Users\mbahoshy\coding\pv4\views\resume-view.html
24 File(s) copied
C:\Users\mbahoshy\coding\pv4\copyback.bat
C:\Users\mbahoshy\coding\pv4\copyback.log
C:\Users\mbahoshy\coding\pv4\index.html
C:\Users\mbahoshy\coding\pv4\css\index.css
C:\Users\mbahoshy\coding\pv4\css\main.css
C:\Users\mbahoshy\coding\pv4\css\width_540.css
C:\Users\mbahoshy\coding\pv4\css\width_750.css
C:\Users\mbahoshy\coding\pv4\css\width_860.css
C:\Users\mbahoshy\coding\pv4\css\width_960.css
C:\Users\mbahoshy\coding\pv4\imgs\about_me_img.jpg
C:\Users\mbahoshy\coding\pv4\imgs\about_me_img_hover.jpg
C:\Users\mbahoshy\coding\pv4\imgs\github2.png
C:\Users\mbahoshy\coding\pv4\imgs\linkedin.png
C:\Users\mbahoshy\coding\pv4\imgs\portfolio_img.jpg
C:\Users\mbahoshy\coding\pv4\imgs\portfolio_img_hover.jpg
C:\Users\mbahoshy\coding\pv4\imgs\resume_img.jpg
C:\Users\mbahoshy\coding\pv4\imgs\resume_img_hover.jpg
C:\Users\mbahoshy\coding\pv4\imgs\wordpress.png
C:\Users\mbahoshy\coding\pv4\js\main.js
C:\Users\mbahoshy\coding\pv4\js\routes-ng.js
C:\Users\mbahoshy\coding\pv4\js\controllers\controller.js
C:\Users\mbahoshy\coding\pv4\js\directives\header-directive.js
C:\Users\mbahoshy\coding\pv4\js\lib\angular-route.js
C:\Users\mbahoshy\coding\pv4\views\about-me-view.html
C:\Users\mbahoshy\coding\pv4\views\home-view.html
C:\Users\mbahoshy\coding\pv4\views\portfolio-view.html
C:\Users\mbahoshy\coding\pv4\views\resume-view.html
27 File(s) copied
C:\Users\mbahoshy\coding\pv4\copyback.bat
C:\Users\mbahoshy\coding\pv4\copyback.log
C:\Users\mbahoshy\coding\pv4\index.html
C:\Users\mbahoshy\coding\pv4\css\index.css
C:\Users\mbahoshy\coding\pv4\css\main.css
C:\Users\mbahoshy\coding\pv4\css\width_540.css
C:\Users\mbahoshy\coding\pv4\css\width_750.css
C:\Users\mbahoshy\coding\pv4\css\width_860.css
C:\Users\mbahoshy\coding\pv4\css\width_960.css
C:\Users\mbahoshy\coding\pv4\imgs\about_me_img.jpg
C:\Users\mbahoshy\coding\pv4\imgs\about_me_img_hover.jpg
C:\Users\mbahoshy\coding\pv4\imgs\github2.png
C:\Users\mbahoshy\coding\pv4\imgs\linkedin.png
C:\Users\mbahoshy\coding\pv4\imgs\portfolio_img.jpg
C:\Users\mbahoshy\coding\pv4\imgs\portfolio_img_hover.jpg
C:\Users\mbahoshy\coding\pv4\imgs\resume_img.jpg
C:\Users\mbahoshy\coding\pv4\imgs\resume_img_hover.jpg
C:\Users\mbahoshy\coding\pv4\imgs\wordpress.png
C:\Users\mbahoshy\coding\pv4\js\main.js
C:\Users\mbahoshy\coding\pv4\js\routes-ng.js
C:\Users\mbahoshy\coding\pv4\js\controllers\controller.js
C:\Users\mbahoshy\coding\pv4\js\directives\header-directive.js
C:\Users\mbahoshy\coding\pv4\js\lib\angular-route.js
C:\Users\mbahoshy\coding\pv4\views\about-me-view.html
C:\Users\mbahoshy\coding\pv4\views\home-view.html
C:\Users\mbahoshy\coding\pv4\views\portfolio-view.html
C:\Users\mbahoshy\coding\pv4\views\resume-view.html
27 File(s) copied
C:\Users\mbahoshy\coding\pv4\copyback.bat
C:\Users\mbahoshy\coding\pv4\copyback.log
C:\Users\mbahoshy\coding\pv4\index.html
C:\Users\mbahoshy\coding\pv4\css\index.css
C:\Users\mbahoshy\coding\pv4\css\main.css
C:\Users\mbahoshy\coding\pv4\css\width_540.css
C:\Users\mbahoshy\coding\pv4\css\width_750.css
C:\Users\mbahoshy\coding\pv4\css\width_860.css
C:\Users\mbahoshy\coding\pv4\css\width_960.css
C:\Users\mbahoshy\coding\pv4\imgs\about_me_img.jpg
C:\Users\mbahoshy\coding\pv4\imgs\about_me_img_hover.jpg
C:\Users\mbahoshy\coding\pv4\imgs\github2.png
C:\Users\mbahoshy\coding\pv4\imgs\linkedin.png
C:\Users\mbahoshy\coding\pv4\imgs\portfolio_img.jpg
C:\Users\mbahoshy\coding\pv4\imgs\portfolio_img_hover.jpg
C:\Users\mbahoshy\coding\pv4\imgs\resume_img.jpg
C:\Users\mbahoshy\coding\pv4\imgs\resume_img_hover.jpg
C:\Users\mbahoshy\coding\pv4\imgs\wordpress.png
C:\Users\mbahoshy\coding\pv4\js\main.js
C:\Users\mbahoshy\coding\pv4\js\routes-ng.js
C:\Users\mbahoshy\coding\pv4\js\controllers\controller.js
C:\Users\mbahoshy\coding\pv4\js\directives\header-directive.js
C:\Users\mbahoshy\coding\pv4\js\lib\angular-route.js
C:\Users\mbahoshy\coding\pv4\views\about-me-view.html
C:\Users\mbahoshy\coding\pv4\views\home-view.html
C:\Users\mbahoshy\coding\pv4\views\portfolio-view.html
C:\Users\mbahoshy\coding\pv4\views\resume-view.html
27 File(s) copied
C:\Users\mbahoshy\coding\pv4\copyback.bat
C:\Users\mbahoshy\coding\pv4\copyback.log
C:\Users\mbahoshy\coding\pv4\index.html
C:\Users\mbahoshy\coding\pv4\css\index.css
C:\Users\mbahoshy\coding\pv4\css\main.css
C:\Users\mbahoshy\coding\pv4\css\width_540.css
C:\Users\mbahoshy\coding\pv4\css\width_750.css
C:\Users\mbahoshy\coding\pv4\css\width_860.css
C:\Users\mbahoshy\coding\pv4\css\width_960.css
C:\Users\mbahoshy\coding\pv4\imgs\about_me_img.jpg
C:\Users\mbahoshy\coding\pv4\imgs\about_me_img_hover.jpg
C:\Users\mbahoshy\coding\pv4\imgs\github2.png
C:\Users\mbahoshy\coding\pv4\imgs\linkedin.png
C:\Users\mbahoshy\coding\pv4\imgs\portfolio_img.jpg
C:\Users\mbahoshy\coding\pv4\imgs\portfolio_img_hover.jpg
C:\Users\mbahoshy\coding\pv4\imgs\resume_img.jpg
C:\Users\mbahoshy\coding\pv4\imgs\resume_img_hover.jpg
C:\Users\mbahoshy\coding\pv4\imgs\wordpress.png
C:\Users\mbahoshy\coding\pv4\js\main.js
C:\Users\mbahoshy\coding\pv4\js\routes-ng.js
C:\Users\mbahoshy\coding\pv4\js\controllers\controller.js
C:\Users\mbahoshy\coding\pv4\js\directives\header-directive.js
C:\Users\mbahoshy\coding\pv4\js\lib\angular-route.js
C:\Users\mbahoshy\coding\pv4\views\about-me-view.html
C:\Users\mbahoshy\coding\pv4\views\home-view.html
C:\Users\mbahoshy\coding\pv4\views\portfolio-view.html
C:\Users\mbahoshy\coding\pv4\views\resume-view.html
27 File(s) copied
C:\Users\mbahoshy\coding\pv4\copyback.bat
C:\Users\mbahoshy\coding\pv4\copyback.log
C:\Users\mbahoshy\coding\pv4\index.html
C:\Users\mbahoshy\coding\pv4\css\index.css
C:\Users\mbahoshy\coding\pv4\css\main.css
C:\Users\mbahoshy\coding\pv4\css\width_540.css
C:\Users\mbahoshy\coding\pv4\css\width_750.css
C:\Users\mbahoshy\coding\pv4\css\width_860.css
C:\Users\mbahoshy\coding\pv4\css\width_960.css
C:\Users\mbahoshy\coding\pv4\imgs\about_me_img.jpg
C:\Users\mbahoshy\coding\pv4\imgs\about_me_img_hover.jpg
C:\Users\mbahoshy\coding\pv4\imgs\github2.png
C:\Users\mbahoshy\coding\pv4\imgs\linkedin.png
C:\Users\mbahoshy\coding\pv4\imgs\portfolio_img.jpg
C:\Users\mbahoshy\coding\pv4\imgs\portfolio_img_hover.jpg
C:\Users\mbahoshy\coding\pv4\imgs\resume_img.jpg
C:\Users\mbahoshy\coding\pv4\imgs\resume_img_hover.jpg
C:\Users\mbahoshy\coding\pv4\imgs\wordpress.png
C:\Users\mbahoshy\coding\pv4\js\main.js
C:\Users\mbahoshy\coding\pv4\js\routes-ng.js
C:\Users\mbahoshy\coding\pv4\js\controllers\controller.js
C:\Users\mbahoshy\coding\pv4\js\directives\header-directive.js
C:\Users\mbahoshy\coding\pv4\js\lib\angular-route.js
C:\Users\mbahoshy\coding\pv4\views\about-me-view.html
C:\Users\mbahoshy\coding\pv4\views\home-view.html
C:\Users\mbahoshy\coding\pv4\views\portfolio-view.html
C:\Users\mbahoshy\coding\pv4\views\resume-view.html
27 File(s) copied
C:\Users\mbahoshy\coding\pv4\copyback.bat
C:\Users\mbahoshy\coding\pv4\copyback.log
C:\Users\mbahoshy\coding\pv4\index.html
C:\Users\mbahoshy\coding\pv4\css\index.css
C:\Users\mbahoshy\coding\pv4\css\main.css
C:\Users\mbahoshy\coding\pv4\css\width_540.css
C:\Users\mbahoshy\coding\pv4\css\width_750.css
C:\Users\mbahoshy\coding\pv4\css\width_860.css
C:\Users\mbahoshy\coding\pv4\css\width_960.css
C:\Users\mbahoshy\coding\pv4\imgs\about_me_img.jpg
C:\Users\mbahoshy\coding\pv4\imgs\about_me_img_hover.jpg
C:\Users\mbahoshy\coding\pv4\imgs\github2.png
C:\Users\mbahoshy\coding\pv4\imgs\linkedin.png
C:\Users\mbahoshy\coding\pv4\imgs\portfolio_img.jpg
C:\Users\mbahoshy\coding\pv4\imgs\portfolio_img_hover.jpg
C:\Users\mbahoshy\coding\pv4\imgs\resume_img.jpg
C:\Users\mbahoshy\coding\pv4\imgs\resume_img_hover.jpg
C:\Users\mbahoshy\coding\pv4\imgs\wordpress.png
C:\Users\mbahoshy\coding\pv4\js\main.js
C:\Users\mbahoshy\coding\pv4\js\routes-ng.js
C:\Users\mbahoshy\coding\pv4\js\controllers\controller.js
C:\Users\mbahoshy\coding\pv4\js\directives\header-directive.js
C:\Users\mbahoshy\coding\pv4\js\lib\angular-route.js
C:\Users\mbahoshy\coding\pv4\views\about-me-view.html
C:\Users\mbahoshy\coding\pv4\views\home-view.html
C:\Users\mbahoshy\coding\pv4\views\portfolio-view.html
C:\Users\mbahoshy\coding\pv4\views\resume-view.html
27 File(s) copied
C:\Users\mbahoshy\coding\pv4\copyback.bat
C:\Users\mbahoshy\coding\pv4\copyback.log
C:\Users\mbahoshy\coding\pv4\index.html
C:\Users\mbahoshy\coding\pv4\css\index.css
C:\Users\mbahoshy\coding\pv4\css\main.css
C:\Users\mbahoshy\coding\pv4\css\width_540.css
C:\Users\mbahoshy\coding\pv4\css\width_750.css
C:\Users\mbahoshy\coding\pv4\css\width_860.css
C:\Users\mbahoshy\coding\pv4\css\width_960.css
C:\Users\mbahoshy\coding\pv4\imgs\about_me_img.jpg
C:\Users\mbahoshy\coding\pv4\imgs\about_me_img_hover.jpg
C:\Users\mbahoshy\coding\pv4\imgs\github2.png
C:\Users\mbahoshy\coding\pv4\imgs\linkedin.png
C:\Users\mbahoshy\coding\pv4\imgs\portfolio_img.jpg
C:\Users\mbahoshy\coding\pv4\imgs\portfolio_img_hover.jpg
C:\Users\mbahoshy\coding\pv4\imgs\resume_img.jpg
C:\Users\mbahoshy\coding\pv4\imgs\resume_img_hover.jpg
C:\Users\mbahoshy\coding\pv4\imgs\wordpress.png
C:\Users\mbahoshy\coding\pv4\js\main.js
C:\Users\mbahoshy\coding\pv4\js\routes-ng.js
C:\Users\mbahoshy\coding\pv4\js\controllers\controller.js
C:\Users\mbahoshy\coding\pv4\js\directives\header-directive.js
C:\Users\mbahoshy\coding\pv4\js\lib\angular-route.js
C:\Users\mbahoshy\coding\pv4\views\about-me-view.html
C:\Users\mbahoshy\coding\pv4\views\home-view.html
C:\Users\mbahoshy\coding\pv4\views\portfolio-view.html
C:\Users\mbahoshy\coding\pv4\views\resume-view.html
27 File(s) copied
C:\Users\mbahoshy\coding\pv4\copyback.bat
C:\Users\mbahoshy\coding\pv4\copyback.log
C:\Users\mbahoshy\coding\pv4\index.html
C:\Users\mbahoshy\coding\pv4\css\index.css
C:\Users\mbahoshy\coding\pv4\css\main.css
C:\Users\mbahoshy\coding\pv4\css\width_540.css
C:\Users\mbahoshy\coding\pv4\css\width_750.css
C:\Users\mbahoshy\coding\pv4\css\width_860.css
C:\Users\mbahoshy\coding\pv4\css\width_960.css
C:\Users\mbahoshy\coding\pv4\imgs\about_me_img.jpg
C:\Users\mbahoshy\coding\pv4\imgs\about_me_img_hover.jpg
C:\Users\mbahoshy\coding\pv4\imgs\github2.png
C:\Users\mbahoshy\coding\pv4\imgs\linkedin.png
C:\Users\mbahoshy\coding\pv4\imgs\portfolio_img.jpg
C:\Users\mbahoshy\coding\pv4\imgs\portfolio_img_hover.jpg
C:\Users\mbahoshy\coding\pv4\imgs\resume_img.jpg
C:\Users\mbahoshy\coding\pv4\imgs\resume_img_hover.jpg
C:\Users\mbahoshy\coding\pv4\imgs\wordpress.png
C:\Users\mbahoshy\coding\pv4\js\main.js
C:\Users\mbahoshy\coding\pv4\js\routes-ng.js
C:\Users\mbahoshy\coding\pv4\js\controllers\controller.js
C:\Users\mbahoshy\coding\pv4\js\directives\header-directive.js
C:\Users\mbahoshy\coding\pv4\js\lib\angular-route.js
C:\Users\mbahoshy\coding\pv4\views\about-me-view.html
C:\Users\mbahoshy\coding\pv4\views\home-view.html
C:\Users\mbahoshy\coding\pv4\views\portfolio-view.html
C:\Users\mbahoshy\coding\pv4\views\resume-view.html
27 File(s) copied
C:\Users\mbahoshy\coding\pv4\copyback.bat
C:\Users\mbahoshy\coding\pv4\copyback.log
C:\Users\mbahoshy\coding\pv4\index.html
C:\Users\mbahoshy\coding\pv4\css\index.css
C:\Users\mbahoshy\coding\pv4\css\main.css
C:\Users\mbahoshy\coding\pv4\css\width_540.css
C:\Users\mbahoshy\coding\pv4\css\width_750.css
C:\Users\mbahoshy\coding\pv4\css\width_860.css
C:\Users\mbahoshy\coding\pv4\css\width_960.css
C:\Users\mbahoshy\coding\pv4\imgs\about_me_img.jpg
C:\Users\mbahoshy\coding\pv4\imgs\about_me_img_hover.jpg
C:\Users\mbahoshy\coding\pv4\imgs\github2.png
C:\Users\mbahoshy\coding\pv4\imgs\linkedin.png
C:\Users\mbahoshy\coding\pv4\imgs\portfolio_img.jpg
C:\Users\mbahoshy\coding\pv4\imgs\portfolio_img_hover.jpg
C:\Users\mbahoshy\coding\pv4\imgs\resume_img.jpg
C:\Users\mbahoshy\coding\pv4\imgs\resume_img_hover.jpg
C:\Users\mbahoshy\coding\pv4\imgs\wordpress.png
C:\Users\mbahoshy\coding\pv4\js\main.js
C:\Users\mbahoshy\coding\pv4\js\routes-ng.js
C:\Users\mbahoshy\coding\pv4\js\controllers\controller.js
C:\Users\mbahoshy\coding\pv4\js\directives\header-directive.js
C:\Users\mbahoshy\coding\pv4\js\lib\angular-route.js
C:\Users\mbahoshy\coding\pv4\views\about-me-view.html
C:\Users\mbahoshy\coding\pv4\views\home-view.html
C:\Users\mbahoshy\coding\pv4\views\portfolio-view.html
C:\Users\mbahoshy\coding\pv4\views\resume-view.html
27 File(s) copied
C:\Users\mbahoshy\coding\pv4\copyback.bat
C:\Users\mbahoshy\coding\pv4\copyback.log
C:\Users\mbahoshy\coding\pv4\index.html
C:\Users\mbahoshy\coding\pv4\css\index.css
C:\Users\mbahoshy\coding\pv4\css\main.css
C:\Users\mbahoshy\coding\pv4\css\width_540.css
C:\Users\mbahoshy\coding\pv4\css\width_750.css
C:\Users\mbahoshy\coding\pv4\css\width_860.css
C:\Users\mbahoshy\coding\pv4\css\width_960.css
C:\Users\mbahoshy\coding\pv4\imgs\about_me_img.jpg
C:\Users\mbahoshy\coding\pv4\imgs\about_me_img_hover.jpg
C:\Users\mbahoshy\coding\pv4\imgs\github2.png
C:\Users\mbahoshy\coding\pv4\imgs\linkedin.png
C:\Users\mbahoshy\coding\pv4\imgs\portfolio_img.jpg
C:\Users\mbahoshy\coding\pv4\imgs\portfolio_img_hover.jpg
C:\Users\mbahoshy\coding\pv4\imgs\resume_img.jpg
C:\Users\mbahoshy\coding\pv4\imgs\resume_img_hover.jpg
C:\Users\mbahoshy\coding\pv4\imgs\wordpress.png
C:\Users\mbahoshy\coding\pv4\js\main.js
C:\Users\mbahoshy\coding\pv4\js\routes-ng.js
C:\Users\mbahoshy\coding\pv4\js\controllers\controller.js
C:\Users\mbahoshy\coding\pv4\js\directives\header-directive.js
C:\Users\mbahoshy\coding\pv4\js\lib\angular-route.js
C:\Users\mbahoshy\coding\pv4\views\about-me-view.html
C:\Users\mbahoshy\coding\pv4\views\home-view.html
C:\Users\mbahoshy\coding\pv4\views\portfolio-view.html
C:\Users\mbahoshy\coding\pv4\views\resume-view.html
27 File(s) copied
C:\Users\mbahoshy\coding\pv4\copyback.bat
C:\Users\mbahoshy\coding\pv4\copyback.log
C:\Users\mbahoshy\coding\pv4\index.html
C:\Users\mbahoshy\coding\pv4\css\index.css
C:\Users\mbahoshy\coding\pv4\css\main.css
C:\Users\mbahoshy\coding\pv4\css\width_540.css
C:\Users\mbahoshy\coding\pv4\css\width_750.css
C:\Users\mbahoshy\coding\pv4\css\width_860.css
C:\Users\mbahoshy\coding\pv4\css\width_960.css
C:\Users\mbahoshy\coding\pv4\imgs\about_me_img.jpg
C:\Users\mbahoshy\coding\pv4\imgs\about_me_img_hover.jpg
C:\Users\mbahoshy\coding\pv4\imgs\github2.png
C:\Users\mbahoshy\coding\pv4\imgs\linkedin.png
C:\Users\mbahoshy\coding\pv4\imgs\portfolio_img.jpg
C:\Users\mbahoshy\coding\pv4\imgs\portfolio_img_hover.jpg
C:\Users\mbahoshy\coding\pv4\imgs\resume_img.jpg
C:\Users\mbahoshy\coding\pv4\imgs\resume_img_hover.jpg
C:\Users\mbahoshy\coding\pv4\imgs\wordpress.png
C:\Users\mbahoshy\coding\pv4\js\main.js
C:\Users\mbahoshy\coding\pv4\js\routes-ng.js
C:\Users\mbahoshy\coding\pv4\js\controllers\controller.js
C:\Users\mbahoshy\coding\pv4\js\directives\header-directive.js
C:\Users\mbahoshy\coding\pv4\js\lib\angular-route.js
C:\Users\mbahoshy\coding\pv4\views\about-me-view.html
C:\Users\mbahoshy\coding\pv4\views\home-view.html
C:\Users\mbahoshy\coding\pv4\views\portfolio-view.html
C:\Users\mbahoshy\coding\pv4\views\resume-view.html
27 File(s) copied
C:\Users\mbahoshy\coding\pv4\copyback.bat
C:\Users\mbahoshy\coding\pv4\copyback.log
C:\Users\mbahoshy\coding\pv4\index.html
C:\Users\mbahoshy\coding\pv4\css\index.css
C:\Users\mbahoshy\coding\pv4\css\main.css
C:\Users\mbahoshy\coding\pv4\css\width_540.css
C:\Users\mbahoshy\coding\pv4\css\width_750.css
C:\Users\mbahoshy\coding\pv4\css\width_860.css
C:\Users\mbahoshy\coding\pv4\css\width_960.css
C:\Users\mbahoshy\coding\pv4\imgs\about_me_img.jpg
C:\Users\mbahoshy\coding\pv4\imgs\about_me_img_hover.jpg
C:\Users\mbahoshy\coding\pv4\imgs\github2.png
C:\Users\mbahoshy\coding\pv4\imgs\linkedin.png
C:\Users\mbahoshy\coding\pv4\imgs\portfolio_img.jpg
C:\Users\mbahoshy\coding\pv4\imgs\portfolio_img_hover.jpg
C:\Users\mbahoshy\coding\pv4\imgs\resume_img.jpg
C:\Users\mbahoshy\coding\pv4\imgs\resume_img_hover.jpg
C:\Users\mbahoshy\coding\pv4\imgs\wordpress.png
C:\Users\mbahoshy\coding\pv4\js\main.js
C:\Users\mbahoshy\coding\pv4\js\routes-ng.js
C:\Users\mbahoshy\coding\pv4\js\controllers\controller.js
C:\Users\mbahoshy\coding\pv4\js\directives\header-directive.js
C:\Users\mbahoshy\coding\pv4\js\lib\angular-route.js
C:\Users\mbahoshy\coding\pv4\views\about-me-view.html
C:\Users\mbahoshy\coding\pv4\views\home-view.html
C:\Users\mbahoshy\coding\pv4\views\portfolio-view.html
C:\Users\mbahoshy\coding\pv4\views\resume-view.html
27 File(s) copied
C:\Users\mbahoshy\coding\pv4\copyback.bat
C:\Users\mbahoshy\coding\pv4\copyback.log
C:\Users\mbahoshy\coding\pv4\index.html
C:\Users\mbahoshy\coding\pv4\css\index.css
C:\Users\mbahoshy\coding\pv4\css\main.css
C:\Users\mbahoshy\coding\pv4\css\width_540.css
C:\Users\mbahoshy\coding\pv4\css\width_750.css
C:\Users\mbahoshy\coding\pv4\css\width_860.css
C:\Users\mbahoshy\coding\pv4\css\width_960.css
C:\Users\mbahoshy\coding\pv4\imgs\about_me_img.jpg
C:\Users\mbahoshy\coding\pv4\imgs\about_me_img_hover.jpg
C:\Users\mbahoshy\coding\pv4\imgs\github2.png
C:\Users\mbahoshy\coding\pv4\imgs\linkedin.png
C:\Users\mbahoshy\coding\pv4\imgs\portfolio_img.jpg
C:\Users\mbahoshy\coding\pv4\imgs\portfolio_img_hover.jpg
C:\Users\mbahoshy\coding\pv4\imgs\resume_img.jpg
C:\Users\mbahoshy\coding\pv4\imgs\resume_img_hover.jpg
C:\Users\mbahoshy\coding\pv4\imgs\wordpress.png
C:\Users\mbahoshy\coding\pv4\js\main.js
C:\Users\mbahoshy\coding\pv4\js\routes-ng.js
C:\Users\mbahoshy\coding\pv4\js\controllers\controller.js
C:\Users\mbahoshy\coding\pv4\js\directives\header-directive.js
C:\Users\mbahoshy\coding\pv4\js\lib\angular-route.js
C:\Users\mbahoshy\coding\pv4\views\about-me-view.html
C:\Users\mbahoshy\coding\pv4\views\home-view.html
C:\Users\mbahoshy\coding\pv4\views\portfolio-view.html
C:\Users\mbahoshy\coding\pv4\views\resume-view.html
27 File(s) copied
C:\Users\mbahoshy\coding\pv4\copyback.bat
C:\Users\mbahoshy\coding\pv4\copyback.log
C:\Users\mbahoshy\coding\pv4\index.html
C:\Users\mbahoshy\coding\pv4\css\index.css
C:\Users\mbahoshy\coding\pv4\css\main.css
C:\Users\mbahoshy\coding\pv4\css\width_540.css
C:\Users\mbahoshy\coding\pv4\css\width_750.css
C:\Users\mbahoshy\coding\pv4\css\width_860.css
C:\Users\mbahoshy\coding\pv4\css\width_960.css
C:\Users\mbahoshy\coding\pv4\imgs\about_me_img.jpg
C:\Users\mbahoshy\coding\pv4\imgs\about_me_img_hover.jpg
C:\Users\mbahoshy\coding\pv4\imgs\github2.png
C:\Users\mbahoshy\coding\pv4\imgs\linkedin.png
C:\Users\mbahoshy\coding\pv4\imgs\portfolio_img.jpg
C:\Users\mbahoshy\coding\pv4\imgs\portfolio_img_hover.jpg
C:\Users\mbahoshy\coding\pv4\imgs\resume_img.jpg
C:\Users\mbahoshy\coding\pv4\imgs\resume_img_hover.jpg
C:\Users\mbahoshy\coding\pv4\imgs\wordpress.png
C:\Users\mbahoshy\coding\pv4\js\main.js
C:\Users\mbahoshy\coding\pv4\js\routes-ng.js
C:\Users\mbahoshy\coding\pv4\js\controllers\controller.js
C:\Users\mbahoshy\coding\pv4\js\directives\header-directive.js
C:\Users\mbahoshy\coding\pv4\js\lib\angular-route.js
C:\Users\mbahoshy\coding\pv4\views\about-me-view.html
C:\Users\mbahoshy\coding\pv4\views\home-view.html
C:\Users\mbahoshy\coding\pv4\views\portfolio-view.html
C:\Users\mbahoshy\coding\pv4\views\resume-view.html
27 File(s) copied
C:\Users\mbahoshy\coding\pv4\copyback.bat
C:\Users\mbahoshy\coding\pv4\copyback.log
C:\Users\mbahoshy\coding\pv4\index.html
C:\Users\mbahoshy\coding\pv4\css\index.css
C:\Users\mbahoshy\coding\pv4\css\main.css
C:\Users\mbahoshy\coding\pv4\css\width_540.css
C:\Users\mbahoshy\coding\pv4\css\width_750.css
C:\Users\mbahoshy\coding\pv4\css\width_860.css
C:\Users\mbahoshy\coding\pv4\css\width_960.css
C:\Users\mbahoshy\coding\pv4\imgs\about_me_img.jpg
C:\Users\mbahoshy\coding\pv4\imgs\about_me_img_hover.jpg
C:\Users\mbahoshy\coding\pv4\imgs\github2.png
C:\Users\mbahoshy\coding\pv4\imgs\linkedin.png
C:\Users\mbahoshy\coding\pv4\imgs\portfolio_img.jpg
C:\Users\mbahoshy\coding\pv4\imgs\portfolio_img_hover.jpg
C:\Users\mbahoshy\coding\pv4\imgs\resume_img.jpg
C:\Users\mbahoshy\coding\pv4\imgs\resume_img_hover.jpg
C:\Users\mbahoshy\coding\pv4\imgs\wordpress.png
C:\Users\mbahoshy\coding\pv4\js\main.js
C:\Users\mbahoshy\coding\pv4\js\routes-ng.js
C:\Users\mbahoshy\coding\pv4\js\controllers\controller.js
C:\Users\mbahoshy\coding\pv4\js\directives\header-directive.js
C:\Users\mbahoshy\coding\pv4\js\lib\angular-route.js
C:\Users\mbahoshy\coding\pv4\views\about-me-view.html
C:\Users\mbahoshy\coding\pv4\views\home-view.html
C:\Users\mbahoshy\coding\pv4\views\portfolio-view.html
C:\Users\mbahoshy\coding\pv4\views\resume-view.html
27 File(s) copied
C:\Users\mbahoshy\coding\pv4\copyback.bat
C:\Users\mbahoshy\coding\pv4\copyback.log
C:\Users\mbahoshy\coding\pv4\index.html
C:\Users\mbahoshy\coding\pv4\css\index.css
C:\Users\mbahoshy\coding\pv4\css\main.css
C:\Users\mbahoshy\coding\pv4\css\width_540.css
C:\Users\mbahoshy\coding\pv4\css\width_750.css
C:\Users\mbahoshy\coding\pv4\css\width_860.css
C:\Users\mbahoshy\coding\pv4\css\width_960.css
C:\Users\mbahoshy\coding\pv4\imgs\about_me_img.jpg
C:\Users\mbahoshy\coding\pv4\imgs\about_me_img_hover.jpg
C:\Users\mbahoshy\coding\pv4\imgs\github2.png
C:\Users\mbahoshy\coding\pv4\imgs\linkedin.png
C:\Users\mbahoshy\coding\pv4\imgs\portfolio_img.jpg
C:\Users\mbahoshy\coding\pv4\imgs\portfolio_img_hover.jpg
C:\Users\mbahoshy\coding\pv4\imgs\resume_img.jpg
C:\Users\mbahoshy\coding\pv4\imgs\resume_img_hover.jpg
C:\Users\mbahoshy\coding\pv4\imgs\wordpress.png
C:\Users\mbahoshy\coding\pv4\js\main.js
C:\Users\mbahoshy\coding\pv4\js\routes-ng.js
C:\Users\mbahoshy\coding\pv4\js\controllers\controller.js
C:\Users\mbahoshy\coding\pv4\js\directives\header-directive.js
C:\Users\mbahoshy\coding\pv4\js\lib\angular-route.js
C:\Users\mbahoshy\coding\pv4\views\about-me-view.html
C:\Users\mbahoshy\coding\pv4\views\home-view.html
C:\Users\mbahoshy\coding\pv4\views\portfolio-view.html
C:\Users\mbahoshy\coding\pv4\views\resume-view.html
27 File(s) copied
C:\Users\mbahoshy\coding\pv4\copyback.bat
C:\Users\mbahoshy\coding\pv4\copyback.log
C:\Users\mbahoshy\coding\pv4\index.html
C:\Users\mbahoshy\coding\pv4\css\index.css
C:\Users\mbahoshy\coding\pv4\css\main.css
C:\Users\mbahoshy\coding\pv4\css\width_540.css
C:\Users\mbahoshy\coding\pv4\css\width_750.css
C:\Users\mbahoshy\coding\pv4\css\width_860.css
C:\Users\mbahoshy\coding\pv4\css\width_960.css
C:\Users\mbahoshy\coding\pv4\imgs\about_me_img.jpg
C:\Users\mbahoshy\coding\pv4\imgs\about_me_img_hover.jpg
C:\Users\mbahoshy\coding\pv4\imgs\github2.png
C:\Users\mbahoshy\coding\pv4\imgs\linkedin.png
C:\Users\mbahoshy\coding\pv4\imgs\portfolio_img.jpg
C:\Users\mbahoshy\coding\pv4\imgs\portfolio_img_hover.jpg
C:\Users\mbahoshy\coding\pv4\imgs\resume_img.jpg
C:\Users\mbahoshy\coding\pv4\imgs\resume_img_hover.jpg
C:\Users\mbahoshy\coding\pv4\imgs\wordpress.png
C:\Users\mbahoshy\coding\pv4\js\main.js
C:\Users\mbahoshy\coding\pv4\js\routes-ng.js
C:\Users\mbahoshy\coding\pv4\js\controllers\controller.js
C:\Users\mbahoshy\coding\pv4\js\directives\header-directive.js
C:\Users\mbahoshy\coding\pv4\js\lib\angular-route.js
C:\Users\mbahoshy\coding\pv4\views\about-me-view.html
C:\Users\mbahoshy\coding\pv4\views\home-view.html
C:\Users\mbahoshy\coding\pv4\views\portfolio-view.html
C:\Users\mbahoshy\coding\pv4\views\resume-view.html
27 File(s) copied
C:\Users\mbahoshy\coding\pv4\copyback.bat
C:\Users\mbahoshy\coding\pv4\copyback.log
C:\Users\mbahoshy\coding\pv4\index.html
C:\Users\mbahoshy\coding\pv4\css\index.css
C:\Users\mbahoshy\coding\pv4\css\main.css
C:\Users\mbahoshy\coding\pv4\css\width_540.css
C:\Users\mbahoshy\coding\pv4\css\width_750.css
C:\Users\mbahoshy\coding\pv4\css\width_860.css
C:\Users\mbahoshy\coding\pv4\css\width_960.css
C:\Users\mbahoshy\coding\pv4\imgs\about_me_img.jpg
C:\Users\mbahoshy\coding\pv4\imgs\about_me_img_hover.jpg
C:\Users\mbahoshy\coding\pv4\imgs\github2.png
C:\Users\mbahoshy\coding\pv4\imgs\linkedin.png
C:\Users\mbahoshy\coding\pv4\imgs\portfolio_img.jpg
C:\Users\mbahoshy\coding\pv4\imgs\portfolio_img_hover.jpg
C:\Users\mbahoshy\coding\pv4\imgs\resume_img.jpg
C:\Users\mbahoshy\coding\pv4\imgs\resume_img_hover.jpg
C:\Users\mbahoshy\coding\pv4\imgs\wordpress.png
C:\Users\mbahoshy\coding\pv4\js\main.js
C:\Users\mbahoshy\coding\pv4\js\routes-ng.js
C:\Users\mbahoshy\coding\pv4\js\controllers\controller.js
C:\Users\mbahoshy\coding\pv4\js\directives\header-directive.js
C:\Users\mbahoshy\coding\pv4\js\lib\angular-route.js
C:\Users\mbahoshy\coding\pv4\views\about-me-view.html
C:\Users\mbahoshy\coding\pv4\views\home-view.html
C:\Users\mbahoshy\coding\pv4\views\portfolio-view.html
C:\Users\mbahoshy\coding\pv4\views\resume-view.html
27 File(s) copied
C:\Users\mbahoshy\coding\pv4\copyback.bat
C:\Users\mbahoshy\coding\pv4\copyback.log
C:\Users\mbahoshy\coding\pv4\index.html
C:\Users\mbahoshy\coding\pv4\css\index.css
C:\Users\mbahoshy\coding\pv4\css\main.css
C:\Users\mbahoshy\coding\pv4\css\width_540.css
C:\Users\mbahoshy\coding\pv4\css\width_750.css
C:\Users\mbahoshy\coding\pv4\css\width_860.css
C:\Users\mbahoshy\coding\pv4\css\width_960.css
C:\Users\mbahoshy\coding\pv4\imgs\about_me_img.jpg
C:\Users\mbahoshy\coding\pv4\imgs\about_me_img_hover.jpg
C:\Users\mbahoshy\coding\pv4\imgs\github2.png
C:\Users\mbahoshy\coding\pv4\imgs\linkedin.png
C:\Users\mbahoshy\coding\pv4\imgs\portfolio_img.jpg
C:\Users\mbahoshy\coding\pv4\imgs\portfolio_img_hover.jpg
C:\Users\mbahoshy\coding\pv4\imgs\resume_img.jpg
C:\Users\mbahoshy\coding\pv4\imgs\resume_img_hover.jpg
C:\Users\mbahoshy\coding\pv4\imgs\wordpress.png
C:\Users\mbahoshy\coding\pv4\js\main.js
C:\Users\mbahoshy\coding\pv4\js\routes-ng.js
C:\Users\mbahoshy\coding\pv4\js\controllers\controller.js
C:\Users\mbahoshy\coding\pv4\js\directives\header-directive.js
C:\Users\mbahoshy\coding\pv4\js\lib\angular-route.js
C:\Users\mbahoshy\coding\pv4\views\about-me-view.html
C:\Users\mbahoshy\coding\pv4\views\home-view.html
C:\Users\mbahoshy\coding\pv4\views\portfolio-view.html
C:\Users\mbahoshy\coding\pv4\views\resume-view.html
27 File(s) copied
C:\Users\mbahoshy\coding\pv4\copyback.bat
C:\Users\mbahoshy\coding\pv4\copyback.log
C:\Users\mbahoshy\coding\pv4\index.html
C:\Users\mbahoshy\coding\pv4\css\index.css
C:\Users\mbahoshy\coding\pv4\css\main.css
C:\Users\mbahoshy\coding\pv4\css\width_540.css
C:\Users\mbahoshy\coding\pv4\css\width_750.css
C:\Users\mbahoshy\coding\pv4\css\width_860.css
C:\Users\mbahoshy\coding\pv4\css\width_960.css
C:\Users\mbahoshy\coding\pv4\imgs\about_me_img.jpg
C:\Users\mbahoshy\coding\pv4\imgs\about_me_img_hover.jpg
C:\Users\mbahoshy\coding\pv4\imgs\github2.png
C:\Users\mbahoshy\coding\pv4\imgs\linkedin.png
C:\Users\mbahoshy\coding\pv4\imgs\portfolio_img.jpg
C:\Users\mbahoshy\coding\pv4\imgs\portfolio_img_hover.jpg
C:\Users\mbahoshy\coding\pv4\imgs\resume_img.jpg
C:\Users\mbahoshy\coding\pv4\imgs\resume_img_hover.jpg
C:\Users\mbahoshy\coding\pv4\imgs\wordpress.png
C:\Users\mbahoshy\coding\pv4\js\main.js
C:\Users\mbahoshy\coding\pv4\js\routes-ng.js
C:\Users\mbahoshy\coding\pv4\js\controllers\controller.js
C:\Users\mbahoshy\coding\pv4\js\directives\header-directive.js
C:\Users\mbahoshy\coding\pv4\js\lib\angular-route.js
C:\Users\mbahoshy\coding\pv4\views\about-me-view.html
C:\Users\mbahoshy\coding\pv4\views\home-view.html
C:\Users\mbahoshy\coding\pv4\views\portfolio-view.html
C:\Users\mbahoshy\coding\pv4\views\resume-view.html
27 File(s) copied
C:\Users\mbahoshy\coding\pv4\copyback.bat
C:\Users\mbahoshy\coding\pv4\copyback.log
C:\Users\mbahoshy\coding\pv4\index.html
C:\Users\mbahoshy\coding\pv4\css\index.css
C:\Users\mbahoshy\coding\pv4\css\main.css
C:\Users\mbahoshy\coding\pv4\css\width_540.css
C:\Users\mbahoshy\coding\pv4\css\width_750.css
C:\Users\mbahoshy\coding\pv4\css\width_860.css
C:\Users\mbahoshy\coding\pv4\css\width_960.css
C:\Users\mbahoshy\coding\pv4\imgs\about_me_img.jpg
C:\Users\mbahoshy\coding\pv4\imgs\about_me_img_hover.jpg
C:\Users\mbahoshy\coding\pv4\imgs\github2.png
C:\Users\mbahoshy\coding\pv4\imgs\linkedin.png
C:\Users\mbahoshy\coding\pv4\imgs\portfolio_img.jpg
C:\Users\mbahoshy\coding\pv4\imgs\portfolio_img_hover.jpg
C:\Users\mbahoshy\coding\pv4\imgs\resume_img.jpg
C:\Users\mbahoshy\coding\pv4\imgs\resume_img_hover.jpg
C:\Users\mbahoshy\coding\pv4\imgs\wordpress.png
C:\Users\mbahoshy\coding\pv4\js\main.js
C:\Users\mbahoshy\coding\pv4\js\routes-ng.js
C:\Users\mbahoshy\coding\pv4\js\controllers\controller.js
C:\Users\mbahoshy\coding\pv4\js\directives\header-directive.js
C:\Users\mbahoshy\coding\pv4\js\lib\angular-route.js
C:\Users\mbahoshy\coding\pv4\views\about-me-view.html
C:\Users\mbahoshy\coding\pv4\views\home-view.html
C:\Users\mbahoshy\coding\pv4\views\portfolio-view.html
C:\Users\mbahoshy\coding\pv4\views\resume-view.html
27 File(s) copied
C:\Users\mbahoshy\coding\pv4\copyback.bat
C:\Users\mbahoshy\coding\pv4\copyback.log
C:\Users\mbahoshy\coding\pv4\index.html
C:\Users\mbahoshy\coding\pv4\css\index.css
C:\Users\mbahoshy\coding\pv4\css\main.css
C:\Users\mbahoshy\coding\pv4\css\width_540.css
C:\Users\mbahoshy\coding\pv4\css\width_750.css
C:\Users\mbahoshy\coding\pv4\css\width_860.css
C:\Users\mbahoshy\coding\pv4\css\width_960.css
C:\Users\mbahoshy\coding\pv4\imgs\about_me_img.jpg
C:\Users\mbahoshy\coding\pv4\imgs\about_me_img_hover.jpg
C:\Users\mbahoshy\coding\pv4\imgs\github2.png
C:\Users\mbahoshy\coding\pv4\imgs\linkedin.png
C:\Users\mbahoshy\coding\pv4\imgs\portfolio_img.jpg
C:\Users\mbahoshy\coding\pv4\imgs\portfolio_img_hover.jpg
C:\Users\mbahoshy\coding\pv4\imgs\resume_img.jpg
C:\Users\mbahoshy\coding\pv4\imgs\resume_img_hover.jpg
C:\Users\mbahoshy\coding\pv4\imgs\wordpress.png
C:\Users\mbahoshy\coding\pv4\js\main.js
C:\Users\mbahoshy\coding\pv4\js\routes-ng.js
C:\Users\mbahoshy\coding\pv4\js\controllers\controller.js
C:\Users\mbahoshy\coding\pv4\js\directives\header-directive.js
C:\Users\mbahoshy\coding\pv4\js\lib\angular-route.js
C:\Users\mbahoshy\coding\pv4\views\about-me-view.html
C:\Users\mbahoshy\coding\pv4\views\home-view.html
C:\Users\mbahoshy\coding\pv4\views\portfolio-view.html
C:\Users\mbahoshy\coding\pv4\views\resume-view.html
27 File(s) copied
C:\Users\mbahoshy\coding\pv4\copyback.bat
C:\Users\mbahoshy\coding\pv4\copyback.log
C:\Users\mbahoshy\coding\pv4\index.html
C:\Users\mbahoshy\coding\pv4\css\index.css
C:\Users\mbahoshy\coding\pv4\css\main.css
C:\Users\mbahoshy\coding\pv4\css\width_540.css
C:\Users\mbahoshy\coding\pv4\css\width_750.css
C:\Users\mbahoshy\coding\pv4\css\width_860.css
C:\Users\mbahoshy\coding\pv4\css\width_960.css
C:\Users\mbahoshy\coding\pv4\imgs\about_me_img.jpg
C:\Users\mbahoshy\coding\pv4\imgs\about_me_img_hover.jpg
C:\Users\mbahoshy\coding\pv4\imgs\github2.png
C:\Users\mbahoshy\coding\pv4\imgs\linkedin.png
C:\Users\mbahoshy\coding\pv4\imgs\portfolio_img.jpg
C:\Users\mbahoshy\coding\pv4\imgs\portfolio_img_hover.jpg
C:\Users\mbahoshy\coding\pv4\imgs\resume_img.jpg
C:\Users\mbahoshy\coding\pv4\imgs\resume_img_hover.jpg
C:\Users\mbahoshy\coding\pv4\imgs\wordpress.png
C:\Users\mbahoshy\coding\pv4\js\main.js
C:\Users\mbahoshy\coding\pv4\js\routes-ng.js
C:\Users\mbahoshy\coding\pv4\js\controllers\controller.js
C:\Users\mbahoshy\coding\pv4\js\directives\header-directive.js
C:\Users\mbahoshy\coding\pv4\js\lib\angular-route.js
C:\Users\mbahoshy\coding\pv4\views\about-me-view.html
C:\Users\mbahoshy\coding\pv4\views\home-view.html
C:\Users\mbahoshy\coding\pv4\views\portfolio-view.html
C:\Users\mbahoshy\coding\pv4\views\resume-view.html
27 File(s) copied
C:\Users\mbahoshy\coding\pv4\copyback.bat
C:\Users\mbahoshy\coding\pv4\copyback.log
C:\Users\mbahoshy\coding\pv4\index.html
C:\Users\mbahoshy\coding\pv4\css\index.css
C:\Users\mbahoshy\coding\pv4\css\main.css
C:\Users\mbahoshy\coding\pv4\css\width_540.css
C:\Users\mbahoshy\coding\pv4\css\width_750.css
C:\Users\mbahoshy\coding\pv4\css\width_860.css
C:\Users\mbahoshy\coding\pv4\css\width_960.css
C:\Users\mbahoshy\coding\pv4\imgs\about_me_img.jpg
C:\Users\mbahoshy\coding\pv4\imgs\about_me_img_hover.jpg
C:\Users\mbahoshy\coding\pv4\imgs\github2.png
C:\Users\mbahoshy\coding\pv4\imgs\linkedin.png
C:\Users\mbahoshy\coding\pv4\imgs\portfolio_img.jpg
C:\Users\mbahoshy\coding\pv4\imgs\portfolio_img_hover.jpg
C:\Users\mbahoshy\coding\pv4\imgs\resume_img.jpg
C:\Users\mbahoshy\coding\pv4\imgs\resume_img_hover.jpg
C:\Users\mbahoshy\coding\pv4\imgs\wordpress.png
C:\Users\mbahoshy\coding\pv4\js\main.js
C:\Users\mbahoshy\coding\pv4\js\routes-ng.js
C:\Users\mbahoshy\coding\pv4\js\controllers\controller.js
C:\Users\mbahoshy\coding\pv4\js\directives\header-directive.js
C:\Users\mbahoshy\coding\pv4\js\lib\angular-route.js
C:\Users\mbahoshy\coding\pv4\views\about-me-view.html
C:\Users\mbahoshy\coding\pv4\views\home-view.html
C:\Users\mbahoshy\coding\pv4\views\portfolio-view.html
C:\Users\mbahoshy\coding\pv4\views\resume-view.html
27 File(s) copied
C:\Users\mbahoshy\coding\pv4\copyback.bat
C:\Users\mbahoshy\coding\pv4\copyback.log
C:\Users\mbahoshy\coding\pv4\index.html
C:\Users\mbahoshy\coding\pv4\css\index.css
C:\Users\mbahoshy\coding\pv4\css\main.css
C:\Users\mbahoshy\coding\pv4\css\width_540.css
C:\Users\mbahoshy\coding\pv4\css\width_750.css
C:\Users\mbahoshy\coding\pv4\css\width_860.css
C:\Users\mbahoshy\coding\pv4\css\width_960.css
C:\Users\mbahoshy\coding\pv4\imgs\about_me_img.jpg
C:\Users\mbahoshy\coding\pv4\imgs\about_me_img_hover.jpg
C:\Users\mbahoshy\coding\pv4\imgs\github2.png
C:\Users\mbahoshy\coding\pv4\imgs\linkedin.png
C:\Users\mbahoshy\coding\pv4\imgs\portfolio_img.jpg
C:\Users\mbahoshy\coding\pv4\imgs\portfolio_img_hover.jpg
C:\Users\mbahoshy\coding\pv4\imgs\resume_img.jpg
C:\Users\mbahoshy\coding\pv4\imgs\resume_img_hover.jpg
C:\Users\mbahoshy\coding\pv4\imgs\wordpress.png
C:\Users\mbahoshy\coding\pv4\js\main.js
C:\Users\mbahoshy\coding\pv4\js\routes-ng.js
C:\Users\mbahoshy\coding\pv4\js\controllers\controller.js
C:\Users\mbahoshy\coding\pv4\js\directives\header-directive.js
C:\Users\mbahoshy\coding\pv4\js\lib\angular-route.js
C:\Users\mbahoshy\coding\pv4\views\about-me-view.html
C:\Users\mbahoshy\coding\pv4\views\home-view.html
C:\Users\mbahoshy\coding\pv4\views\portfolio-view.html
C:\Users\mbahoshy\coding\pv4\views\resume-view.html
27 File(s) copied
C:\Users\mbahoshy\coding\pv4\copyback.bat
C:\Users\mbahoshy\coding\pv4\copyback.log
C:\Users\mbahoshy\coding\pv4\index.html
C:\Users\mbahoshy\coding\pv4\css\index.css
C:\Users\mbahoshy\coding\pv4\css\main.css
C:\Users\mbahoshy\coding\pv4\css\width_540.css
C:\Users\mbahoshy\coding\pv4\css\width_750.css
C:\Users\mbahoshy\coding\pv4\css\width_860.css
C:\Users\mbahoshy\coding\pv4\css\width_960.css
C:\Users\mbahoshy\coding\pv4\imgs\about_me_img.jpg
C:\Users\mbahoshy\coding\pv4\imgs\about_me_img_hover.jpg
C:\Users\mbahoshy\coding\pv4\imgs\github2.png
C:\Users\mbahoshy\coding\pv4\imgs\linkedin.png
C:\Users\mbahoshy\coding\pv4\imgs\portfolio_img.jpg
C:\Users\mbahoshy\coding\pv4\imgs\portfolio_img_hover.jpg
C:\Users\mbahoshy\coding\pv4\imgs\resume_img.jpg
C:\Users\mbahoshy\coding\pv4\imgs\resume_img_hover.jpg
C:\Users\mbahoshy\coding\pv4\imgs\wordpress.png
C:\Users\mbahoshy\coding\pv4\js\main.js
C:\Users\mbahoshy\coding\pv4\js\routes-ng.js
C:\Users\mbahoshy\coding\pv4\js\controllers\controller.js
C:\Users\mbahoshy\coding\pv4\js\directives\header-directive.js
C:\Users\mbahoshy\coding\pv4\js\lib\angular-route.js
C:\Users\mbahoshy\coding\pv4\views\about-me-view.html
C:\Users\mbahoshy\coding\pv4\views\home-view.html
C:\Users\mbahoshy\coding\pv4\views\portfolio-view.html
C:\Users\mbahoshy\coding\pv4\views\resume-view.html
27 File(s) copied
C:\Users\mbahoshy\coding\pv4\copyback.bat
C:\Users\mbahoshy\coding\pv4\copyback.log
C:\Users\mbahoshy\coding\pv4\index.html
C:\Users\mbahoshy\coding\pv4\css\index.css
C:\Users\mbahoshy\coding\pv4\css\main.css
C:\Users\mbahoshy\coding\pv4\css\width_540.css
C:\Users\mbahoshy\coding\pv4\css\width_750.css
C:\Users\mbahoshy\coding\pv4\css\width_860.css
C:\Users\mbahoshy\coding\pv4\css\width_960.css
C:\Users\mbahoshy\coding\pv4\imgs\about_me_img.jpg
C:\Users\mbahoshy\coding\pv4\imgs\about_me_img_hover.jpg
C:\Users\mbahoshy\coding\pv4\imgs\github2.png
C:\Users\mbahoshy\coding\pv4\imgs\linkedin.png
C:\Users\mbahoshy\coding\pv4\imgs\portfolio_img.jpg
C:\Users\mbahoshy\coding\pv4\imgs\portfolio_img_hover.jpg
C:\Users\mbahoshy\coding\pv4\imgs\resume_img.jpg
C:\Users\mbahoshy\coding\pv4\imgs\resume_img_hover.jpg
C:\Users\mbahoshy\coding\pv4\imgs\wordpress.png
C:\Users\mbahoshy\coding\pv4\js\main.js
C:\Users\mbahoshy\coding\pv4\js\routes-ng.js
C:\Users\mbahoshy\coding\pv4\js\controllers\controller.js
C:\Users\mbahoshy\coding\pv4\js\directives\header-directive.js
C:\Users\mbahoshy\coding\pv4\js\lib\angular-route.js
C:\Users\mbahoshy\coding\pv4\views\about-me-view.html
C:\Users\mbahoshy\coding\pv4\views\home-view.html
C:\Users\mbahoshy\coding\pv4\views\portfolio-view.html
C:\Users\mbahoshy\coding\pv4\views\resume-view.html
27 File(s) copied
C:\Users\mbahoshy\coding\pv4\copyback.bat
C:\Users\mbahoshy\coding\pv4\copyback.log
C:\Program Files (x86)\EasyPHP-DevServer-14.1VC11\data\localweb\copyback.bat
C:\Program Files (x86)\EasyPHP-DevServer-14.1VC11\data\localweb\copyback.log
C:\Program Files (x86)\EasyPHP-DevServer-14.1VC11\data\localweb\index.html
C:\Program Files (x86)\EasyPHP-DevServer-14.1VC11\data\localweb\css\index.css
C:\Program Files (x86)\EasyPHP-DevServer-14.1VC11\data\localweb\css\main.css
C:\Program Files (x86)\EasyPHP-DevServer-14.1VC11\data\localweb\css\width_540.css
C:\Program Files (x86)\EasyPHP-DevServer-14.1VC11\data\localweb\css\width_750.css
C:\Program Files (x86)\EasyPHP-DevServer-14.1VC11\data\localweb\css\width_860.css
C:\Program Files (x86)\EasyPHP-DevServer-14.1VC11\data\localweb\css\width_960.css
C:\Program Files (x86)\EasyPHP-DevServer-14.1VC11\data\localweb\imgs\about_me_img.jpg
C:\Program Files (x86)\EasyPHP-DevServer-14.1VC11\data\localweb\imgs\about_me_img_hover.jpg
C:\Program Files (x86)\EasyPHP-DevServer-14.1VC11\data\localweb\imgs\github2.png
C:\Program Files (x86)\EasyPHP-DevServer-14.1VC11\data\localweb\imgs\linkedin.png
C:\Program Files (x86)\EasyPHP-DevServer-14.1VC11\data\localweb\imgs\portfolio_img.jpg
C:\Program Files (x86)\EasyPHP-DevServer-14.1VC11\data\localweb\imgs\portfolio_img_hover.jpg
C:\Program Files (x86)\EasyPHP-DevServer-14.1VC11\data\localweb\imgs\resume_img.jpg
C:\Program Files (x86)\EasyPHP-DevServer-14.1VC11\data\localweb\imgs\resume_img_hover.jpg
C:\Program Files (x86)\EasyPHP-DevServer-14.1VC11\data\localweb\imgs\wordpress.png
C:\Program Files (x86)\EasyPHP-DevServer-14.1VC11\data\localweb\js\main.js
C:\Program Files (x86)\EasyPHP-DevServer-14.1VC11\data\localweb\js\routes-ng.js
C:\Program Files (x86)\EasyPHP-DevServer-14.1VC11\data\localweb\js\controllers\controller.js
C:\Program Files (x86)\EasyPHP-DevServer-14.1VC11\data\localweb\js\directives\header-directive.js
C:\Program Files (x86)\EasyPHP-DevServer-14.1VC11\data\localweb\js\lib\angular-route.js
C:\Program Files (x86)\EasyPHP-DevServer-14.1VC11\data\localweb\views\about-me-view.html
C:\Program Files (x86)\EasyPHP-DevServer-14.1VC11\data\localweb\views\footer.html
C:\Program Files (x86)\EasyPHP-DevServer-14.1VC11\data\localweb\views\header.html
C:\Program Files (x86)\EasyPHP-DevServer-14.1VC11\data\localweb\views\home-view.html
C:\Program Files (x86)\EasyPHP-DevServer-14.1VC11\data\localweb\views\map-view.html
C:\Program Files (x86)\EasyPHP-DevServer-14.1VC11\data\localweb\views\portfolio-view.html
C:\Program Files (x86)\EasyPHP-DevServer-14.1VC11\data\localweb\views\property-owner-page-view.html
C:\Program Files (x86)\EasyPHP-DevServer-14.1VC11\data\localweb\views\residential-view.html
C:\Program Files (x86)\EasyPHP-DevServer-14.1VC11\data\localweb\views\resume-view.html
32 File(s) copied
C:\Program Files (x86)\EasyPHP-DevServer-14.1VC11\data\localweb\copyback.bat
C:\Program Files (x86)\EasyPHP-DevServer-14.1VC11\data\localweb\copyback.log
C:\Program Files (x86)\EasyPHP-DevServer-14.1VC11\data\localweb\index.html
C:\Program Files (x86)\EasyPHP-DevServer-14.1VC11\data\localweb\css\index.css
C:\Program Files (x86)\EasyPHP-DevServer-14.1VC11\data\localweb\css\main.css
C:\Program Files (x86)\EasyPHP-DevServer-14.1VC11\data\localweb\css\width_540.css
C:\Program Files (x86)\EasyPHP-DevServer-14.1VC11\data\localweb\css\width_750.css
C:\Program Files (x86)\EasyPHP-DevServer-14.1VC11\data\localweb\css\width_860.css
C:\Program Files (x86)\EasyPHP-DevServer-14.1VC11\data\localweb\css\width_960.css
C:\Program Files (x86)\EasyPHP-DevServer-14.1VC11\data\localweb\imgs\about_me_img.jpg
C:\Program Files (x86)\EasyPHP-DevServer-14.1VC11\data\localweb\imgs\about_me_img_hover.jpg
C:\Program Files (x86)\EasyPHP-DevServer-14.1VC11\data\localweb\imgs\github2.png
C:\Program Files (x86)\EasyPHP-DevServer-14.1VC11\data\localweb\imgs\linkedin.png
C:\Program Files (x86)\EasyPHP-DevServer-14.1VC11\data\localweb\imgs\portfolio_img.jpg
C:\Program Files (x86)\EasyPHP-DevServer-14.1VC11\data\localweb\imgs\portfolio_img_hover.jpg
C:\Program Files (x86)\EasyPHP-DevServer-14.1VC11\data\localweb\imgs\resume_img.jpg
C:\Program Files (x86)\EasyPHP-DevServer-14.1VC11\data\localweb\imgs\resume_img_hover.jpg
C:\Program Files (x86)\EasyPHP-DevServer-14.1VC11\data\localweb\imgs\wordpress.png
C:\Program Files (x86)\EasyPHP-DevServer-14.1VC11\data\localweb\js\main.js
C:\Program Files (x86)\EasyPHP-DevServer-14.1VC11\data\localweb\js\routes-ng.js
C:\Program Files (x86)\EasyPHP-DevServer-14.1VC11\data\localweb\js\controllers\controller.js
C:\Program Files (x86)\EasyPHP-DevServer-14.1VC11\data\localweb\js\directives\header-directive.js
C:\Program Files (x86)\EasyPHP-DevServer-14.1VC11\data\localweb\js\lib\angular-route.js
C:\Program Files (x86)\EasyPHP-DevServer-14.1VC11\data\localweb\views\about-me-view.html
C:\Program Files (x86)\EasyPHP-DevServer-14.1VC11\data\localweb\views\footer.html
C:\Program Files (x86)\EasyPHP-DevServer-14.1VC11\data\localweb\views\header.html
C:\Program Files (x86)\EasyPHP-DevServer-14.1VC11\data\localweb\views\home-view.html
C:\Program Files (x86)\EasyPHP-DevServer-14.1VC11\data\localweb\views\map-view.html
C:\Program Files (x86)\EasyPHP-DevServer-14.1VC11\data\localweb\views\portfolio-view.html
C:\Program Files (x86)\EasyPHP-DevServer-14.1VC11\data\localweb\views\property-owner-page-view.html
C:\Program Files (x86)\EasyPHP-DevServer-14.1VC11\data\localweb\views\residential-view.html
C:\Program Files (x86)\EasyPHP-DevServer-14.1VC11\data\localweb\views\resume-view.html
32 File(s) copied
C:\Program Files (x86)\EasyPHP-DevServer-14.1VC11\data\localweb\copyback.bat
C:\Program Files (x86)\EasyPHP-DevServer-14.1VC11\data\localweb\copyback.log
C:\Program Files (x86)\EasyPHP-DevServer-14.1VC11\data\localweb\index.html
C:\Program Files (x86)\EasyPHP-DevServer-14.1VC11\data\localweb\css\index.css
C:\Program Files (x86)\EasyPHP-DevServer-14.1VC11\data\localweb\css\main.css
C:\Program Files (x86)\EasyPHP-DevServer-14.1VC11\data\localweb\css\width_540.css
C:\Program Files (x86)\EasyPHP-DevServer-14.1VC11\data\localweb\css\width_750.css
C:\Program Files (x86)\EasyPHP-DevServer-14.1VC11\data\localweb\css\width_860.css
C:\Program Files (x86)\EasyPHP-DevServer-14.1VC11\data\localweb\css\width_960.css
C:\Program Files (x86)\EasyPHP-DevServer-14.1VC11\data\localweb\imgs\about_me_img.jpg
C:\Program Files (x86)\EasyPHP-DevServer-14.1VC11\data\localweb\imgs\about_me_img_hover.jpg
C:\Program Files (x86)\EasyPHP-DevServer-14.1VC11\data\localweb\imgs\alpine.jpg
C:\Program Files (x86)\EasyPHP-DevServer-14.1VC11\data\localweb\imgs\github2.png
C:\Program Files (x86)\EasyPHP-DevServer-14.1VC11\data\localweb\imgs\linkedin.png
C:\Program Files (x86)\EasyPHP-DevServer-14.1VC11\data\localweb\imgs\pmmanager.jpg
C:\Program Files (x86)\EasyPHP-DevServer-14.1VC11\data\localweb\imgs\portfolio_img.jpg
C:\Program Files (x86)\EasyPHP-DevServer-14.1VC11\data\localweb\imgs\portfolio_img_hover.jpg
C:\Program Files (x86)\EasyPHP-DevServer-14.1VC11\data\localweb\imgs\redside.jpg
C:\Program Files (x86)\EasyPHP-DevServer-14.1VC11\data\localweb\imgs\resume_img.jpg
C:\Program Files (x86)\EasyPHP-DevServer-14.1VC11\data\localweb\imgs\resume_img_hover.jpg
C:\Program Files (x86)\EasyPHP-DevServer-14.1VC11\data\localweb\imgs\tradepro.jpg
C:\Program Files (x86)\EasyPHP-DevServer-14.1VC11\data\localweb\imgs\wordpress.png
C:\Program Files (x86)\EasyPHP-DevServer-14.1VC11\data\localweb\js\main.js
C:\Program Files (x86)\EasyPHP-DevServer-14.1VC11\data\localweb\js\routes-ng.js
C:\Program Files (x86)\EasyPHP-DevServer-14.1VC11\data\localweb\js\controllers\controller.js
C:\Program Files (x86)\EasyPHP-DevServer-14.1VC11\data\localweb\js\directives\directives.js
C:\Program Files (x86)\EasyPHP-DevServer-14.1VC11\data\localweb\js\lib\angular-route.js
C:\Program Files (x86)\EasyPHP-DevServer-14.1VC11\data\localweb\views\about-me-view.html
C:\Program Files (x86)\EasyPHP-DevServer-14.1VC11\data\localweb\views\footer.html
C:\Program Files (x86)\EasyPHP-DevServer-14.1VC11\data\localweb\views\header.html
C:\Program Files (x86)\EasyPHP-DevServer-14.1VC11\data\localweb\views\home-view.html
C:\Program Files (x86)\EasyPHP-DevServer-14.1VC11\data\localweb\views\map-view.html
C:\Program Files (x86)\EasyPHP-DevServer-14.1VC11\data\localweb\views\portfolio-view.html
C:\Program Files (x86)\EasyPHP-DevServer-14.1VC11\data\localweb\views\property-owner-page-view.html
C:\Program Files (x86)\EasyPHP-DevServer-14.1VC11\data\localweb\views\residential-view.html
C:\Program Files (x86)\EasyPHP-DevServer-14.1VC11\data\localweb\views\resume-view.html
C:\Program Files (x86)\EasyPHP-DevServer-14.1VC11\data\localweb\views\sidebar.html
37 File(s) copied
C:\Program Files (x86)\EasyPHP-DevServer-14.1VC11\data\localweb\copyback.bat
C:\Program Files (x86)\EasyPHP-DevServer-14.1VC11\data\localweb\copyback.log
C:\Program Files (x86)\EasyPHP-DevServer-14.1VC11\data\localweb\index.html
C:\Program Files (x86)\EasyPHP-DevServer-14.1VC11\data\localweb\css\index.css
C:\Program Files (x86)\EasyPHP-DevServer-14.1VC11\data\localweb\css\main.css
C:\Program Files (x86)\EasyPHP-DevServer-14.1VC11\data\localweb\css\width_540.css
C:\Program Files (x86)\EasyPHP-DevServer-14.1VC11\data\localweb\css\width_750.css
C:\Program Files (x86)\EasyPHP-DevServer-14.1VC11\data\localweb\css\width_860.css
C:\Program Files (x86)\EasyPHP-DevServer-14.1VC11\data\localweb\css\width_960.css
C:\Program Files (x86)\EasyPHP-DevServer-14.1VC11\data\localweb\imgs\about_me_header.jpg
C:\Program Files (x86)\EasyPHP-DevServer-14.1VC11\data\localweb\imgs\about_me_header2.jpg
C:\Program Files (x86)\EasyPHP-DevServer-14.1VC11\data\localweb\imgs\about_me_img.jpg
C:\Program Files (x86)\EasyPHP-DevServer-14.1VC11\data\localweb\imgs\about_me_img_hover.jpg
C:\Program Files (x86)\EasyPHP-DevServer-14.1VC11\data\localweb\imgs\alpine.jpg
C:\Program Files (x86)\EasyPHP-DevServer-14.1VC11\data\localweb\imgs\github2.png
C:\Program Files (x86)\EasyPHP-DevServer-14.1VC11\data\localweb\imgs\linkedin.png
C:\Program Files (x86)\EasyPHP-DevServer-14.1VC11\data\localweb\imgs\pmmanager.jpg
C:\Program Files (x86)\EasyPHP-DevServer-14.1VC11\data\localweb\imgs\portfolio_header.jpg
C:\Program Files (x86)\EasyPHP-DevServer-14.1VC11\data\localweb\imgs\portfolio_header2.jpg
C:\Program Files (x86)\EasyPHP-DevServer-14.1VC11\data\localweb\imgs\portfolio_header3.jpg
C:\Program Files (x86)\EasyPHP-DevServer-14.1VC11\data\localweb\imgs\portfolio_img.jpg
C:\Program Files (x86)\EasyPHP-DevServer-14.1VC11\data\localweb\imgs\portfolio_img_hover.jpg
C:\Program Files (x86)\EasyPHP-DevServer-14.1VC11\data\localweb\imgs\redside.jpg
C:\Program Files (x86)\EasyPHP-DevServer-14.1VC11\data\localweb\imgs\resume_img.jpg
C:\Program Files (x86)\EasyPHP-DevServer-14.1VC11\data\localweb\imgs\resume_img_hover.jpg
C:\Program Files (x86)\EasyPHP-DevServer-14.1VC11\data\localweb\imgs\tradepro.jpg
C:\Program Files (x86)\EasyPHP-DevServer-14.1VC11\data\localweb\imgs\wordpress.png
C:\Program Files (x86)\EasyPHP-DevServer-14.1VC11\data\localweb\js\main.js
C:\Program Files (x86)\EasyPHP-DevServer-14.1VC11\data\localweb\js\routes-ng.js
C:\Program Files (x86)\EasyPHP-DevServer-14.1VC11\data\localweb\js\controllers\controller.js
C:\Program Files (x86)\EasyPHP-DevServer-14.1VC11\data\localweb\js\directives\directives.js
C:\Program Files (x86)\EasyPHP-DevServer-14.1VC11\data\localweb\js\lib\angular-route.js
C:\Program Files (x86)\EasyPHP-DevServer-14.1VC11\data\localweb\views\about-me-view.html
C:\Program Files (x86)\EasyPHP-DevServer-14.1VC11\data\localweb\views\footer.html
C:\Program Files (x86)\EasyPHP-DevServer-14.1VC11\data\localweb\views\header.html
C:\Program Files (x86)\EasyPHP-DevServer-14.1VC11\data\localweb\views\home-view.html
C:\Program Files (x86)\EasyPHP-DevServer-14.1VC11\data\localweb\views\map-view.html
C:\Program Files (x86)\EasyPHP-DevServer-14.1VC11\data\localweb\views\portfolio-view.html
C:\Program Files (x86)\EasyPHP-DevServer-14.1VC11\data\localweb\views\property-owner-page-view.html
C:\Program Files (x86)\EasyPHP-DevServer-14.1VC11\data\localweb\views\residential-view.html
C:\Program Files (x86)\EasyPHP-DevServer-14.1VC11\data\localweb\views\resume-view.html
C:\Program Files (x86)\EasyPHP-DevServer-14.1VC11\data\localweb\views\sidebar.html
42 File(s) copied
C:\Program Files (x86)\EasyPHP-DevServer-14.1VC11\data\localweb\copyback.bat
C:\Program Files (x86)\EasyPHP-DevServer-14.1VC11\data\localweb\copyback.log
C:\Program Files (x86)\EasyPHP-DevServer-14.1VC11\data\localweb\index.html
C:\Program Files (x86)\EasyPHP-DevServer-14.1VC11\data\localweb\css\index.css
C:\Program Files (x86)\EasyPHP-DevServer-14.1VC11\data\localweb\css\main.css
C:\Program Files (x86)\EasyPHP-DevServer-14.1VC11\data\localweb\css\width_540.css
C:\Program Files (x86)\EasyPHP-DevServer-14.1VC11\data\localweb\css\width_750.css
C:\Program Files (x86)\EasyPHP-DevServer-14.1VC11\data\localweb\css\width_860.css
C:\Program Files (x86)\EasyPHP-DevServer-14.1VC11\data\localweb\css\width_960.css
C:\Program Files (x86)\EasyPHP-DevServer-14.1VC11\data\localweb\imgs\about_me_header.jpg
C:\Program Files (x86)\EasyPHP-DevServer-14.1VC11\data\localweb\imgs\about_me_header2.jpg
C:\Program Files (x86)\EasyPHP-DevServer-14.1VC11\data\localweb\imgs\about_me_img.jpg
C:\Program Files (x86)\EasyPHP-DevServer-14.1VC11\data\localweb\imgs\about_me_img_hover.jpg
C:\Program Files (x86)\EasyPHP-DevServer-14.1VC11\data\localweb\imgs\alpine.jpg
C:\Program Files (x86)\EasyPHP-DevServer-14.1VC11\data\localweb\imgs\github2.png
C:\Program Files (x86)\EasyPHP-DevServer-14.1VC11\data\localweb\imgs\linkedin.png
C:\Program Files (x86)\EasyPHP-DevServer-14.1VC11\data\localweb\imgs\pmmanager.jpg
C:\Program Files (x86)\EasyPHP-DevServer-14.1VC11\data\localweb\imgs\portfolio_header.jpg
C:\Program Files (x86)\EasyPHP-DevServer-14.1VC11\data\localweb\imgs\portfolio_header2.jpg
C:\Program Files (x86)\EasyPHP-DevServer-14.1VC11\data\localweb\imgs\portfolio_header3.jpg
C:\Program Files (x86)\EasyPHP-DevServer-14.1VC11\data\localweb\imgs\portfolio_img.jpg
C:\Program Files (x86)\EasyPHP-DevServer-14.1VC11\data\localweb\imgs\portfolio_img_hover.jpg
C:\Program Files (x86)\EasyPHP-DevServer-14.1VC11\data\localweb\imgs\redside.jpg
C:\Program Files (x86)\EasyPHP-DevServer-14.1VC11\data\localweb\imgs\resume_img.jpg
C:\Program Files (x86)\EasyPHP-DevServer-14.1VC11\data\localweb\imgs\resume_img_hover.jpg
C:\Program Files (x86)\EasyPHP-DevServer-14.1VC11\data\localweb\imgs\tradepro.jpg
C:\Program Files (x86)\EasyPHP-DevServer-14.1VC11\data\localweb\imgs\wordpress.png
C:\Program Files (x86)\EasyPHP-DevServer-14.1VC11\data\localweb\js\main.js
C:\Program Files (x86)\EasyPHP-DevServer-14.1VC11\data\localweb\js\routes-ng.js
C:\Program Files (x86)\EasyPHP-DevServer-14.1VC11\data\localweb\js\controllers\controller.js
C:\Program Files (x86)\EasyPHP-DevServer-14.1VC11\data\localweb\js\directives\directives.js
C:\Program Files (x86)\EasyPHP-DevServer-14.1VC11\data\localweb\js\lib\angular-route.js
C:\Program Files (x86)\EasyPHP-DevServer-14.1VC11\data\localweb\views\about-me-view.html
C:\Program Files (x86)\EasyPHP-DevServer-14.1VC11\data\localweb\views\footer.html
C:\Program Files (x86)\EasyPHP-DevServer-14.1VC11\data\localweb\views\header.html
C:\Program Files (x86)\EasyPHP-DevServer-14.1VC11\data\localweb\views\home-view.html
C:\Program Files (x86)\EasyPHP-DevServer-14.1VC11\data\localweb\views\map-view.html
C:\Program Files (x86)\EasyPHP-DevServer-14.1VC11\data\localweb\views\portfolio-view.html
C:\Program Files (x86)\EasyPHP-DevServer-14.1VC11\data\localweb\views\property-owner-page-view.html
C:\Program Files (x86)\EasyPHP-DevServer-14.1VC11\data\localweb\views\residential-view.html
C:\Program Files (x86)\EasyPHP-DevServer-14.1VC11\data\localweb\views\resume-view.html
C:\Program Files (x86)\EasyPHP-DevServer-14.1VC11\data\localweb\views\sidebar.html
42 File(s) copied
C:\Program Files (x86)\EasyPHP-DevServer-14.1VC11\data\localweb\copyback.bat
C:\Program Files (x86)\EasyPHP-DevServer-14.1VC11\data\localweb\copyback.log
